<?xml version="1.0" encoding="UTF-8"?>
<!-- Generated by org.testng.reporters.JUnitXMLReporter -->
<testsuite hostname="REM-L-SINGHH" ignored="0" name="Test Case: 003 - Login with &#039;Empirix Business Analyst&#039; Credetials&#039;and verify TabAvailablity" tests="10" failures="0" timestamp="21 Sep 2019 14:49:38 GMT" time="1324.918" errors="0">
  <testcase name="logInWithExpirixBusinessAnalyst" time="14.237" classname="VW_TC.TC0003_login_With_Empirix_Business_Analyst"/>
  <testcase name="headerMandatoryDetails" time="0.476" classname="VW_TC.TC0003_login_With_Empirix_Business_Analyst"/>
  <testcase name="footerMandatoryDetails" time="0.336" classname="VW_TC.TC0003_login_With_Empirix_Business_Analyst"/>
  <testcase name="TabValidation" time="0.668" classname="VW_TC.TC0003_login_With_Empirix_Business_Analyst"/>
  <testcase name="dashBoardTabValidation" time="8.669" classname="VW_TC.TC0003_login_With_Empirix_Business_Analyst"/>
  <testcase name="alertTabValidation" time="7.888" classname="VW_TC.TC0003_login_With_Empirix_Business_Analyst"/>
  <testcase name="testTabValidation" time="9.501" classname="VW_TC.TC0003_login_With_Empirix_Business_Analyst"/>
  <testcase name="tagTabValidation" time="16.375" classname="VW_TC.TC0003_login_With_Empirix_Business_Analyst"/>
  <testcase name="scriptTabValidation" time="616.471" classname="VW_TC.TC0003_login_With_Empirix_Business_Analyst"/>
  <testcase name="variableTabValidation" time="628.765" classname="VW_TC.TC0003_login_With_Empirix_Business_Analyst"/>
</testsuite> <!-- Test Case: 003 - Login with 'Empirix Business Analyst' Credetials'and verify TabAvailablity -->
