<?xml version="1.0" encoding="UTF-8"?>
<!-- Generated by org.testng.reporters.JUnitXMLReporter -->
<testsuite hostname="REM-L-SINGHH" ignored="0" name="Test Case: 007 - Login with &#039;Partner Use&#039; Credetials and verify TabAvailablity" tests="3" failures="0" timestamp="30 Jul 2019 10:52:21 GMT" time="657.477" errors="0">
  <testcase name="logInWithPartnerUser" time="10.606" classname="VW_TC.TC0007_login_With_Partner_User"/>
  <testcase name="testTabValidation" time="4.791" classname="VW_TC.TC0007_login_With_Partner_User"/>
  <testcase name="variableTabValidation" time="622.755" classname="VW_TC.TC0007_login_With_Partner_User"/>
</testsuite> <!-- Test Case: 007 - Login with 'Partner Use' Credetials and verify TabAvailablity -->
