<?xml version="1.0" encoding="UTF-8"?>
<!-- Generated by org.testng.reporters.JUnitXMLReporter -->
<testsuite hostname="REM-L-SINGHH" ignored="0" name="Test Case: 005 - Login with &#039;Partner Developer&#039; Credetials and verify TabAvailablity" tests="3" failures="0" timestamp="30 Jul 2019 10:27:01 GMT" time="165.399" errors="0">
  <testcase name="logInWithPartnerDevelopment" time="22.552" classname="VW_TC.TC0005_login_With_Partner_Developer"/>
  <testcase name="scriptTabValidation" time="55.304" classname="VW_TC.TC0005_login_With_Partner_Developer"/>
  <testcase name="variableTabValidation" time="49.459" classname="VW_TC.TC0005_login_With_Partner_Developer"/>
</testsuite> <!-- Test Case: 005 - Login with 'Partner Developer' Credetials and verify TabAvailablity -->
