<?xml version="1.0" encoding="UTF-8"?>
<!-- Generated by org.testng.reporters.JUnitXMLReporter -->
<testsuite hostname="REM-L-SINGHH" ignored="0" name="Default test" tests="11" failures="0" timestamp="06 Oct 2019 14:22:36 GMT" time="609.921" errors="0">
  <testcase name="logInWithExpirixAdmin" time="14.675" classname="VW_TC.TC0002_login_With_Exmpirix_Admin"/>
  <testcase name="headerMandatoryDetails" time="0.347" classname="VW_TC.TC0002_login_With_Exmpirix_Admin"/>
  <testcase name="footerMandatoryDetails" time="0.212" classname="VW_TC.TC0002_login_With_Exmpirix_Admin"/>
  <testcase name="TabAvailabilityValidation" time="1.151" classname="VW_TC.TC0002_login_With_Exmpirix_Admin"/>
  <testcase name="dashBoardTabValidation" time="2.4" classname="VW_TC.TC0002_login_With_Exmpirix_Admin"/>
  <testcase name="alertTabValidation" time="1.735" classname="VW_TC.TC0002_login_With_Exmpirix_Admin"/>
  <testcase name="testTabValidation" time="3.197" classname="VW_TC.TC0002_login_With_Exmpirix_Admin"/>
  <testcase name="tagTabValidation" time="11.05" classname="VW_TC.TC0002_login_With_Exmpirix_Admin"/>
  <testcase name="scriptTabValidation" time="305.613" classname="VW_TC.TC0002_login_With_Exmpirix_Admin"/>
  <testcase name="variableTabValidation" time="211.142" classname="VW_TC.TC0002_login_With_Exmpirix_Admin"/>
  <testcase name="hammerTabValidation" time="33.692" classname="VW_TC.TC0002_login_With_Exmpirix_Admin"/>
</testsuite> <!-- Default test -->
