<?xml version="1.0" encoding="UTF-8"?>
<!-- Generated by org.testng.reporters.JUnitXMLReporter -->
<testsuite hostname="REM-L-SINGHH" name="Default test" tests="12" failures="0" timestamp="1 Dec 2019 12:16:55 GMT" time="0.249" errors="0">
  <testcase name="@BeforeTest applicationLaunch" time="0.0" classname="VW_TC.TC0017_login_With_Exmpirix_Admin_Sanity">
    <failure type="java.lang.NullPointerException">
      <![CDATA[java.lang.NullPointerException
	at resources.basePropertiesSeln.intializeDriver(basePropertiesSeln.java:58)
	at VW_TC.TC0017_login_With_Exmpirix_Admin_Sanity.applicationLaunch(TC0017_login_With_Exmpirix_Admin_Sanity.java:34)
	at sun.reflect.NativeMethodAccessorImpl.invoke0(Native Method)
	at sun.reflect.NativeMethodAccessorImpl.invoke(Unknown Source)
	at sun.reflect.DelegatingMethodAccessorImpl.invoke(Unknown Source)
	at java.lang.reflect.Method.invoke(Unknown Source)
	at org.testng.internal.MethodInvocationHelper.invokeMethod(MethodInvocationHelper.java:86)
	at org.testng.internal.Invoker.invokeConfigurationMethod(Invoker.java:514)
	at org.testng.internal.Invoker.invokeConfigurations(Invoker.java:215)
	at org.testng.internal.Invoker.invokeConfigurations(Invoker.java:142)
	at org.testng.TestRunner.beforeRun(TestRunner.java:656)
	at org.testng.TestRunner.run(TestRunner.java:624)
	at org.testng.SuiteRunner.runTest(SuiteRunner.java:366)
	at org.testng.SuiteRunner.runSequentially(SuiteRunner.java:361)
	at org.testng.SuiteRunner.privateRun(SuiteRunner.java:319)
	at org.testng.SuiteRunner.run(SuiteRunner.java:268)
	at org.testng.SuiteRunnerWorker.runSuite(SuiteRunnerWorker.java:52)
	at org.testng.SuiteRunnerWorker.run(SuiteRunnerWorker.java:86)
	at org.testng.TestNG.runSuitesSequentially(TestNG.java:1244)
	at org.testng.TestNG.runSuitesLocally(TestNG.java:1169)
	at org.testng.TestNG.run(TestNG.java:1064)
	at org.testng.remote.RemoteTestNG.run(RemoteTestNG.java:113)
	at org.testng.remote.RemoteTestNG.initAndRun(RemoteTestNG.java:206)
	at org.testng.remote.RemoteTestNG.main(RemoteTestNG.java:177)
]]>
    </failure>
  </testcase> <!-- @BeforeTest applicationLaunch -->
  <testcase name="@AfterTest applicationClose" time="0.0" classname="VW_TC.TC0017_login_With_Exmpirix_Admin_Sanity">
    <skipped/>
  </testcase> <!-- @AfterTest applicationClose -->
  <testcase name="logInWithExpirixAdmin" time="0.008" classname="VW_TC.TC0017_login_With_Exmpirix_Admin_Sanity">
    <skipped/>
  </testcase> <!-- logInWithExpirixAdmin -->
  <testcase name="headerMandatoryDetails" time="0.004" classname="VW_TC.TC0017_login_With_Exmpirix_Admin_Sanity">
    <skipped/>
  </testcase> <!-- headerMandatoryDetails -->
  <testcase name="footerMandatoryDetails" time="0.004" classname="VW_TC.TC0017_login_With_Exmpirix_Admin_Sanity">
    <skipped/>
  </testcase> <!-- footerMandatoryDetails -->
  <testcase name="TabAvailabilityValidation" time="0.0" classname="VW_TC.TC0017_login_With_Exmpirix_Admin_Sanity">
    <skipped/>
  </testcase> <!-- TabAvailabilityValidation -->
  <testcase name="dashBoardTabValidation" time="0.004" classname="VW_TC.TC0017_login_With_Exmpirix_Admin_Sanity">
    <skipped/>
  </testcase> <!-- dashBoardTabValidation -->
  <testcase name="alertTabValidation" time="0.004" classname="VW_TC.TC0017_login_With_Exmpirix_Admin_Sanity">
    <skipped/>
  </testcase> <!-- alertTabValidation -->
  <testcase name="testTabValidation" time="0.004" classname="VW_TC.TC0017_login_With_Exmpirix_Admin_Sanity">
    <skipped/>
  </testcase> <!-- testTabValidation -->
  <testcase name="tagTabValidation" time="0.0" classname="VW_TC.TC0017_login_With_Exmpirix_Admin_Sanity">
    <skipped/>
  </testcase> <!-- tagTabValidation -->
  <testcase name="scriptTabValidation" time="0.004" classname="VW_TC.TC0017_login_With_Exmpirix_Admin_Sanity">
    <skipped/>
  </testcase> <!-- scriptTabValidation -->
  <testcase name="variableTabValidation" time="0.004" classname="VW_TC.TC0017_login_With_Exmpirix_Admin_Sanity">
    <skipped/>
  </testcase> <!-- variableTabValidation -->
  <testcase name="hammerTabValidation" time="0.004" classname="VW_TC.TC0017_login_With_Exmpirix_Admin_Sanity">
    <skipped/>
  </testcase> <!-- hammerTabValidation -->
  <testcase name="ValidateScriptFunctinality" time="0.004" classname="VW_TC.TC0017_login_With_Exmpirix_Admin_Sanity">
    <skipped/>
  </testcase> <!-- ValidateScriptFunctinality -->
</testsuite> <!-- Default test -->
