<?xml version="1.0" encoding="UTF-8"?>
<!-- Generated by org.testng.reporters.JUnitXMLReporter -->
<testsuite hostname="REM-L-SINGHH" ignored="0" name="Default test" tests="2" failures="0" timestamp="27 Aug 2019 11:24:19 GMT" time="637.154" errors="0">
  <testcase name="logInWithExpirixBusinessAnalyst" time="13.037" classname="VW_TC.TC0003_login_With_Empirix_Business_Analyst"/>
  <testcase name="scriptTabValidation" time="604.933" classname="VW_TC.TC0003_login_With_Empirix_Business_Analyst"/>
</testsuite> <!-- Default test -->
