<?xml version="1.0" encoding="UTF-8"?>
<!-- Generated by org.testng.reporters.JUnitXMLReporter -->
<testsuite hostname="REM-L-SINGHH" ignored="0" name="Test Case: 005 - Login with &#039;Partner Developer&#039; Credetials and verify TabAvailablity" tests="10" failures="0" timestamp="03 Oct 2019 13:09:29 GMT" time="0.019" errors="0">
  <testcase name="@BeforeTest applicationLaunch" time="0.0" classname="VW_TC.TC0005_login_With_Partner_Developer">
    <failure type="java.lang.NullPointerException">
      <![CDATA[java.lang.NullPointerException
at resources.baseProperties.intializeDriver(baseProperties.java:50)
at VW_TC.TC0005_login_With_Partner_Developer.applicationLaunch(TC0005_login_With_Partner_Developer.java:32)
... Removed 24 stack frames]]>
    </failure>
  </testcase> <!-- @BeforeTest applicationLaunch -->
  <testcase name="@AfterTest applicationClose" time="0.0" classname="VW_TC.TC0005_login_With_Partner_Developer">
    <skipped/>
  </testcase> <!-- @AfterTest applicationClose -->
  <testcase name="logInWithPartnerDevelopment" time="0.0" classname="VW_TC.TC0005_login_With_Partner_Developer">
    <skipped/>
  </testcase> <!-- logInWithPartnerDevelopment -->
  <testcase name="headerMandatoryDetails" time="0.0" classname="VW_TC.TC0005_login_With_Partner_Developer">
    <skipped/>
  </testcase> <!-- headerMandatoryDetails -->
  <testcase name="footerMandatoryDetails" time="0.0" classname="VW_TC.TC0005_login_With_Partner_Developer">
    <skipped/>
  </testcase> <!-- footerMandatoryDetails -->
  <testcase name="TabValidation" time="0.0" classname="VW_TC.TC0005_login_With_Partner_Developer">
    <skipped/>
  </testcase> <!-- TabValidation -->
  <testcase name="dashBoardTabValidation" time="0.0" classname="VW_TC.TC0005_login_With_Partner_Developer">
    <skipped/>
  </testcase> <!-- dashBoardTabValidation -->
  <testcase name="alertTabValidation" time="0.0" classname="VW_TC.TC0005_login_With_Partner_Developer">
    <skipped/>
  </testcase> <!-- alertTabValidation -->
  <testcase name="testTabValidation" time="0.0" classname="VW_TC.TC0005_login_With_Partner_Developer">
    <skipped/>
  </testcase> <!-- testTabValidation -->
  <testcase name="tagTabValidation" time="0.0" classname="VW_TC.TC0005_login_With_Partner_Developer">
    <skipped/>
  </testcase> <!-- tagTabValidation -->
  <testcase name="scriptTabValidation" time="0.0" classname="VW_TC.TC0005_login_With_Partner_Developer">
    <skipped/>
  </testcase> <!-- scriptTabValidation -->
  <testcase name="variableTabValidation" time="0.0" classname="VW_TC.TC0005_login_With_Partner_Developer">
    <skipped/>
  </testcase> <!-- variableTabValidation -->
</testsuite> <!-- Test Case: 005 - Login with 'Partner Developer' Credetials and verify TabAvailablity -->
