<?xml version="1.0" encoding="UTF-8"?>
<!-- Generated by org.testng.reporters.JUnitXMLReporter -->
<testsuite hostname="REM-L-SINGHH" ignored="0" name="Test Case:006 - Login with &#039;Partner Enhanced User Credetials&#039;and verify TabAvailablity" tests="10" failures="0" timestamp="03 Oct 2019 13:09:29 GMT" time="0.022" errors="0">
  <testcase name="@BeforeTest applicationLaunch" time="0.001" classname="VW_TC.TC0006_login_With_Partner_Enhanced_User">
    <failure type="java.lang.NullPointerException">
      <![CDATA[java.lang.NullPointerException
at resources.baseProperties.intializeDriver(baseProperties.java:50)
at VW_TC.TC0006_login_With_Partner_Enhanced_User.applicationLaunch(TC0006_login_With_Partner_Enhanced_User.java:33)
... Removed 24 stack frames]]>
    </failure>
  </testcase> <!-- @BeforeTest applicationLaunch -->
  <testcase name="@AfterTest applicationClose" time="0.0" classname="VW_TC.TC0006_login_With_Partner_Enhanced_User">
    <skipped/>
  </testcase> <!-- @AfterTest applicationClose -->
  <testcase name="logInWithPartnerEnhancedUser" time="0.0" classname="VW_TC.TC0006_login_With_Partner_Enhanced_User">
    <skipped/>
  </testcase> <!-- logInWithPartnerEnhancedUser -->
  <testcase name="headerMandatoryDetails" time="0.0" classname="VW_TC.TC0006_login_With_Partner_Enhanced_User">
    <skipped/>
  </testcase> <!-- headerMandatoryDetails -->
  <testcase name="footerMandatoryDetails" time="0.0" classname="VW_TC.TC0006_login_With_Partner_Enhanced_User">
    <skipped/>
  </testcase> <!-- footerMandatoryDetails -->
  <testcase name="TabValidation" time="0.0" classname="VW_TC.TC0006_login_With_Partner_Enhanced_User">
    <skipped/>
  </testcase> <!-- TabValidation -->
  <testcase name="dashBoardTabValidation" time="0.0" classname="VW_TC.TC0006_login_With_Partner_Enhanced_User">
    <skipped/>
  </testcase> <!-- dashBoardTabValidation -->
  <testcase name="alertTabValidation" time="0.0" classname="VW_TC.TC0006_login_With_Partner_Enhanced_User">
    <skipped/>
  </testcase> <!-- alertTabValidation -->
  <testcase name="testTabValidation" time="0.0" classname="VW_TC.TC0006_login_With_Partner_Enhanced_User">
    <skipped/>
  </testcase> <!-- testTabValidation -->
  <testcase name="tagTabValidation" time="0.0" classname="VW_TC.TC0006_login_With_Partner_Enhanced_User">
    <skipped/>
  </testcase> <!-- tagTabValidation -->
  <testcase name="scriptTabValidation" time="0.0" classname="VW_TC.TC0006_login_With_Partner_Enhanced_User">
    <skipped/>
  </testcase> <!-- scriptTabValidation -->
  <testcase name="variableTabValidation" time="0.0" classname="VW_TC.TC0006_login_With_Partner_Enhanced_User">
    <skipped/>
  </testcase> <!-- variableTabValidation -->
</testsuite> <!-- Test Case:006 - Login with 'Partner Enhanced User Credetials'and verify TabAvailablity -->
