<?xml version="1.0" encoding="UTF-8"?>
<!-- Generated by org.testng.reporters.JUnitXMLReporter -->
<testsuite hostname="REM-L-SINGHH" name="Test Case: 002 - Login with &#039;Empirix Admin&#039; Credetials&#039;and verify TabAvailablity" tests="12" failures="0" timestamp="10 Nov 2019 09:31:07 GMT" time="368.263" errors="0">
  <testcase name="logInWithExpirixAdmin" time="26.84" classname="VW_TC.TC0000_Debug_Testing1"/>
  <testcase name="headerMandatoryDetails" time="0.559" classname="VW_TC.TC0000_Debug_Testing1"/>
  <testcase name="footerMandatoryDetails" time="0.412" classname="VW_TC.TC0000_Debug_Testing1"/>
  <testcase name="TabAvailabilityValidation" time="0.624" classname="VW_TC.TC0000_Debug_Testing1"/>
  <testcase name="dashBoardTabValidation" time="3.534" classname="VW_TC.TC0000_Debug_Testing1"/>
  <testcase name="alertTabValidation" time="4.106" classname="VW_TC.TC0000_Debug_Testing1"/>
  <testcase name="testTabValidation" time="69.925" classname="VW_TC.TC0000_Debug_Testing1"/>
  <testcase name="tagTabValidation" time="13.398" classname="VW_TC.TC0000_Debug_Testing1"/>
  <testcase name="scriptTabValidation" time="110.147" classname="VW_TC.TC0000_Debug_Testing1">
    <skipped/>
  </testcase> <!-- scriptTabValidation -->
  <testcase name="scriptTabValidation" time="101.573" classname="VW_TC.TC0000_Debug_Testing1"/>
  <testcase name="variableTabValidation" time="14.712" classname="VW_TC.TC0000_Debug_Testing1"/>
  <testcase name="hammerTabValidation" time="4.959" classname="VW_TC.TC0000_Debug_Testing1"/>
</testsuite> <!-- Test Case: 002 - Login with 'Empirix Admin' Credetials'and verify TabAvailablity -->
