<?xml version="1.0" encoding="UTF-8"?>
<!-- Generated by org.testng.reporters.JUnitXMLReporter -->
<testsuite hostname="REM-L-SINGHH" ignored="0" name="Test Case: 000 - Login with &#039;Empirix User&#039; Credetials&#039;and verify TabAvailablity" tests="2" failures="0" timestamp="07 Oct 2019 18:27:03 GMT" time="315.505" errors="0">
  <testcase name="logInWithExpirixAdmin" time="33.365" classname="VW_TC.TC0000_Debug_Testing1"/>
  <testcase name="scriptTabValidation" time="243.39" classname="VW_TC.TC0000_Debug_Testing1"/>
</testsuite> <!-- Test Case: 000 - Login with 'Empirix User' Credetials'and verify TabAvailablity -->
