<?xml version="1.0" encoding="UTF-8"?>
<!-- Generated by org.testng.reporters.JUnitXMLReporter -->
<testsuite hostname="REM-L-SINGHH" ignored="0" name="Test Case: 001- Login Page Verification " tests="1" failures="1" timestamp="28 Oct 2019 10:25:36 GMT" time="37.914" errors="0">
  <testcase name="logInScreenVerification" time="10.073" classname="VW_TC.TC0001_login_Page_Verification">
    <failure type="java.lang.AssertionError" message="expected [true] but found [false]">
      <![CDATA[java.lang.AssertionError: expected [true] but found [false]
at PageActions.pom001_VoiceWatch_logIn_Page.logPageLabelVerification(pom001_VoiceWatch_logIn_Page.java:72)
at VW_TC.TC0001_login_Page_Verification.logInScreenVerification(TC0001_login_Page_Verification.java:30)
... Removed 31 stack frames]]>
    </failure>
  </testcase> <!-- logInScreenVerification -->
</testsuite> <!-- Test Case: 001- Login Page Verification  -->
