<?xml version="1.0" encoding="UTF-8"?>
<!-- Generated by org.testng.reporters.JUnitXMLReporter -->
<testsuite hostname="REM-L-SINGHH" ignored="0" name="Test Case: 000 - Login with &#039;Empirix User&#039; Credetials&#039;and verify TabAvailablity" tests="2" failures="0" timestamp="08 Oct 2019 06:44:06 GMT" time="323.856" errors="0">
  <testcase name="logInWithExpirixAdmin" time="23.884" classname="VW_TC.TC0000_Debug_Testing1"/>
  <testcase name="scriptTabValidation" time="279.083" classname="VW_TC.TC0000_Debug_Testing1"/>
</testsuite> <!-- Test Case: 000 - Login with 'Empirix User' Credetials'and verify TabAvailablity -->
