<?xml version="1.0" encoding="UTF-8"?>
<!-- Generated by org.testng.reporters.JUnitXMLReporter -->
<testsuite hostname="REM-L-SINGHH" ignored="0" name="Test Case: 000 - Login with &#039;Empirix Admin&#039; Credetials&#039;and verify TabAvailablity" tests="2" failures="1" timestamp="08 Oct 2019 06:38:42 GMT" time="145.115" errors="0">
  <testcase name="logInWithExpirixAdmin" time="31.723" classname="VW_TC.TC0000_Debug_Testing"/>
  <testcase name="scriptTabValidation" time="87.175" classname="VW_TC.TC0000_Debug_Testing">
    <failure type="java.lang.AssertionError" message="expected [true] but found [false]">
      <![CDATA[java.lang.AssertionError: expected [true] but found [false]
at PageActions.pom007_VoiceWatch_Script_Tabs.createSUbybutton(pom007_VoiceWatch_Script_Tabs.java:545)
at VW_TC.TC0000_Debug_Testing.scriptTabValidation(TC0000_Debug_Testing.java:167)
... Removed 29 stack frames]]>
    </failure>
  </testcase> <!-- scriptTabValidation -->
</testsuite> <!-- Test Case: 000 - Login with 'Empirix Admin' Credetials'and verify TabAvailablity -->
