<?xml version="1.0" encoding="UTF-8"?>
<!-- Generated by org.testng.reporters.JUnitXMLReporter -->
<testsuite hostname="REM-L-SINGHH" ignored="0" name="Test Case: 002 - Login with &#039;Empirix Admin&#039; Credetials&#039;and verify TabAvailablity" tests="11" failures="3" timestamp="28 Oct 2019 10:30:00 GMT" time="264.515" errors="0">
  <testcase name="logInWithExpirixAdmin" time="49.677" classname="VW_TC.TC0002_login_With_Exmpirix_Admin"/>
  <testcase name="headerMandatoryDetails" time="0.484" classname="VW_TC.TC0002_login_With_Exmpirix_Admin"/>
  <testcase name="footerMandatoryDetails" time="0.414" classname="VW_TC.TC0002_login_With_Exmpirix_Admin"/>
  <testcase name="TabAvailabilityValidation" time="0.62" classname="VW_TC.TC0002_login_With_Exmpirix_Admin"/>
  <testcase name="dashBoardTabValidation" time="3.422" classname="VW_TC.TC0002_login_With_Exmpirix_Admin"/>
  <testcase name="alertTabValidation" time="2.544" classname="VW_TC.TC0002_login_With_Exmpirix_Admin"/>
  <testcase name="testTabValidation" time="55.372" classname="VW_TC.TC0002_login_With_Exmpirix_Admin"/>
  <testcase name="tagTabValidation" time="13.999" classname="VW_TC.TC0002_login_With_Exmpirix_Admin"/>
  <testcase name="scriptTabValidation" time="121.162" classname="VW_TC.TC0002_login_With_Exmpirix_Admin">
    <failure type="org.openqa.selenium.ElementClickInterceptedException" message="element click intercepted: Element &amp;lt;span title=&amp;quot;Upload a CallMaster script&amp;quot; ng-hide=&amp;quot;readonly&amp;quot; class=&amp;quot;glyphicon glyphicon-plus-sign pull-right&amp;quot; ng-click=&amp;quot;newScript()&amp;quot;&amp;gt;&amp;lt;/span&amp;gt; is not clickable at point (624, 165). Other element would receive the click: &amp;lt;div ng-show=&amp;quot;sharedData.inProcess || sharedData.inLoadingScriptsProcess&amp;quot; class=&amp;quot;progress fullpage&amp;quot;&amp;gt;...&amp;lt;/div&amp;gt;
  (Session info: chrome=77.0.3865.120)
Build info: version: &amp;apos;3.14.0&amp;apos;, revision: &amp;apos;aacccce0&amp;apos;, time: &amp;apos;2018-08-02T20:19:58.91Z&amp;apos;
System info: host: &amp;apos;REM-L-SINGHH&amp;apos;, ip: &amp;apos;10.12.60.25&amp;apos;, os.name: &amp;apos;Windows 10&amp;apos;, os.arch: &amp;apos;amd64&amp;apos;, os.version: &amp;apos;10.0&amp;apos;, java.version: &amp;apos;1.8.0_171&amp;apos;
Driver info: org.openqa.selenium.chrome.ChromeDriver
Capabilities {acceptInsecureCerts: false, browserName: chrome, browserVersion: 77.0.3865.120, chrome: {chromedriverVersion: 77.0.3865.40 (f484704e052e0..., userDataDir: C:\Users\hsingh\AppData\Loc...}, goog:chromeOptions: {debuggerAddress: localhost:56686}, javascriptEnabled: true, networkConnectionEnabled: false, pageLoadStrategy: normal, platform: XP, platformName: XP, proxy: Proxy(), setWindowRect: true, strictFileInteractability: false, timeouts: {implicit: 0, pageLoad: 300000, script: 30000}, unhandledPromptBehavior: dismiss and notify}
Session ID: 212332090c0daf2f047486d345d5e88d">
      <![CDATA[org.openqa.selenium.ElementClickInterceptedException: element click intercepted: Element <span title="Upload a CallMaster script" ng-hide="readonly" class="glyphicon glyphicon-plus-sign pull-right" ng-click="newScript()"></span> is not clickable at point (624, 165). Other element would receive the click: <div ng-show="sharedData.inProcess || sharedData.inLoadingScriptsProcess" class="progress fullpage">...</div>
  (Session info: chrome=77.0.3865.120)
Build info: version: '3.14.0', revision: 'aacccce0', time: '2018-08-02T20:19:58.91Z'
System info: host: 'REM-L-SINGHH', ip: '10.12.60.25', os.name: 'Windows 10', os.arch: 'amd64', os.version: '10.0', java.version: '1.8.0_171'
Driver info: org.openqa.selenium.chrome.ChromeDriver
Capabilities {acceptInsecureCerts: false, browserName: chrome, browserVersion: 77.0.3865.120, chrome: {chromedriverVersion: 77.0.3865.40 (f484704e052e0..., userDataDir: C:\Users\hsingh\AppData\Loc...}, goog:chromeOptions: {debuggerAddress: localhost:56686}, javascriptEnabled: true, networkConnectionEnabled: false, pageLoadStrategy: normal, platform: XP, platformName: XP, proxy: Proxy(), setWindowRect: true, strictFileInteractability: false, timeouts: {implicit: 0, pageLoad: 300000, script: 30000}, unhandledPromptBehavior: dismiss and notify}
Session ID: 212332090c0daf2f047486d345d5e88d
at org.openqa.selenium.remote.http.W3CHttpResponseCodec.createException(W3CHttpResponseCodec.java:187)
at org.openqa.selenium.remote.http.W3CHttpResponseCodec.decode(W3CHttpResponseCodec.java:122)
at org.openqa.selenium.remote.http.W3CHttpResponseCodec.decode(W3CHttpResponseCodec.java:49)
at org.openqa.selenium.remote.HttpCommandExecutor.execute(HttpCommandExecutor.java:158)
at org.openqa.selenium.remote.service.DriverCommandExecutor.execute(DriverCommandExecutor.java:83)
at org.openqa.selenium.remote.RemoteWebDriver.execute(RemoteWebDriver.java:548)
at org.openqa.selenium.remote.RemoteWebElement.execute(RemoteWebElement.java:276)
at org.openqa.selenium.remote.RemoteWebElement.click(RemoteWebElement.java:83)
at PageActions.pom007_VoiceWatch_Script_Tabs.createGSBbybutton(pom007_VoiceWatch_Script_Tabs.java:223)
at VW_TC.TC0002_login_With_Exmpirix_Admin.scriptTabValidation(TC0002_login_With_Exmpirix_Admin.java:153)
... Removed 29 stack frames]]>
    </failure>
  </testcase> <!-- scriptTabValidation -->
  <testcase name="variableTabValidation" time="0.073" classname="VW_TC.TC0002_login_With_Exmpirix_Admin">
    <failure type="org.openqa.selenium.ElementClickInterceptedException" message="element click intercepted: Element &amp;lt;a class=&amp;quot;&amp;quot; href=&amp;quot;/variables&amp;quot; data-i18n=&amp;quot;_variables_&amp;quot;&amp;gt;...&amp;lt;/a&amp;gt; is not clickable at point (797, 73). Other element would receive the click: &amp;lt;div ng-show=&amp;quot;sharedData.inProcess || sharedData.inLoadingScriptsProcess&amp;quot; class=&amp;quot;progress fullpage&amp;quot;&amp;gt;...&amp;lt;/div&amp;gt;
  (Session info: chrome=77.0.3865.120)
Build info: version: &amp;apos;3.14.0&amp;apos;, revision: &amp;apos;aacccce0&amp;apos;, time: &amp;apos;2018-08-02T20:19:58.91Z&amp;apos;
System info: host: &amp;apos;REM-L-SINGHH&amp;apos;, ip: &amp;apos;10.12.60.25&amp;apos;, os.name: &amp;apos;Windows 10&amp;apos;, os.arch: &amp;apos;amd64&amp;apos;, os.version: &amp;apos;10.0&amp;apos;, java.version: &amp;apos;1.8.0_171&amp;apos;
Driver info: org.openqa.selenium.chrome.ChromeDriver
Capabilities {acceptInsecureCerts: false, browserName: chrome, browserVersion: 77.0.3865.120, chrome: {chromedriverVersion: 77.0.3865.40 (f484704e052e0..., userDataDir: C:\Users\hsingh\AppData\Loc...}, goog:chromeOptions: {debuggerAddress: localhost:56686}, javascriptEnabled: true, networkConnectionEnabled: false, pageLoadStrategy: normal, platform: XP, platformName: XP, proxy: Proxy(), setWindowRect: true, strictFileInteractability: false, timeouts: {implicit: 0, pageLoad: 300000, script: 30000}, unhandledPromptBehavior: dismiss and notify}
Session ID: 212332090c0daf2f047486d345d5e88d">
      <![CDATA[org.openqa.selenium.ElementClickInterceptedException: element click intercepted: Element <a class="" href="/variables" data-i18n="_variables_">...</a> is not clickable at point (797, 73). Other element would receive the click: <div ng-show="sharedData.inProcess || sharedData.inLoadingScriptsProcess" class="progress fullpage">...</div>
  (Session info: chrome=77.0.3865.120)
Build info: version: '3.14.0', revision: 'aacccce0', time: '2018-08-02T20:19:58.91Z'
System info: host: 'REM-L-SINGHH', ip: '10.12.60.25', os.name: 'Windows 10', os.arch: 'amd64', os.version: '10.0', java.version: '1.8.0_171'
Driver info: org.openqa.selenium.chrome.ChromeDriver
Capabilities {acceptInsecureCerts: false, browserName: chrome, browserVersion: 77.0.3865.120, chrome: {chromedriverVersion: 77.0.3865.40 (f484704e052e0..., userDataDir: C:\Users\hsingh\AppData\Loc...}, goog:chromeOptions: {debuggerAddress: localhost:56686}, javascriptEnabled: true, networkConnectionEnabled: false, pageLoadStrategy: normal, platform: XP, platformName: XP, proxy: Proxy(), setWindowRect: true, strictFileInteractability: false, timeouts: {implicit: 0, pageLoad: 300000, script: 30000}, unhandledPromptBehavior: dismiss and notify}
Session ID: 212332090c0daf2f047486d345d5e88d
at org.openqa.selenium.remote.http.W3CHttpResponseCodec.createException(W3CHttpResponseCodec.java:187)
at org.openqa.selenium.remote.http.W3CHttpResponseCodec.decode(W3CHttpResponseCodec.java:122)
at org.openqa.selenium.remote.http.W3CHttpResponseCodec.decode(W3CHttpResponseCodec.java:49)
at org.openqa.selenium.remote.HttpCommandExecutor.execute(HttpCommandExecutor.java:158)
at org.openqa.selenium.remote.service.DriverCommandExecutor.execute(DriverCommandExecutor.java:83)
at org.openqa.selenium.remote.RemoteWebDriver.execute(RemoteWebDriver.java:548)
at org.openqa.selenium.remote.RemoteWebElement.execute(RemoteWebElement.java:276)
at org.openqa.selenium.remote.RemoteWebElement.click(RemoteWebElement.java:83)
at PageActions.pom008_VoiceWatch_Variable_Tab.variableTabValidation(pom008_VoiceWatch_Variable_Tab.java:97)
at VW_TC.TC0002_login_With_Exmpirix_Admin.variableTabValidation(TC0002_login_With_Exmpirix_Admin.java:172)
... Removed 29 stack frames]]>
    </failure>
  </testcase> <!-- variableTabValidation -->
  <testcase name="hammerTabValidation" time="0.068" classname="VW_TC.TC0002_login_With_Exmpirix_Admin">
    <failure type="org.openqa.selenium.ElementClickInterceptedException" message="element click intercepted: Element &amp;lt;a class=&amp;quot;&amp;quot; href=&amp;quot;/hammer&amp;quot; data-i18n=&amp;quot;_hammers_&amp;quot;&amp;gt;...&amp;lt;/a&amp;gt; is not clickable at point (886, 73). Other element would receive the click: &amp;lt;div ng-show=&amp;quot;sharedData.inProcess || sharedData.inLoadingScriptsProcess&amp;quot; class=&amp;quot;progress fullpage&amp;quot;&amp;gt;...&amp;lt;/div&amp;gt;
  (Session info: chrome=77.0.3865.120)
Build info: version: &amp;apos;3.14.0&amp;apos;, revision: &amp;apos;aacccce0&amp;apos;, time: &amp;apos;2018-08-02T20:19:58.91Z&amp;apos;
System info: host: &amp;apos;REM-L-SINGHH&amp;apos;, ip: &amp;apos;10.12.60.25&amp;apos;, os.name: &amp;apos;Windows 10&amp;apos;, os.arch: &amp;apos;amd64&amp;apos;, os.version: &amp;apos;10.0&amp;apos;, java.version: &amp;apos;1.8.0_171&amp;apos;
Driver info: org.openqa.selenium.chrome.ChromeDriver
Capabilities {acceptInsecureCerts: false, browserName: chrome, browserVersion: 77.0.3865.120, chrome: {chromedriverVersion: 77.0.3865.40 (f484704e052e0..., userDataDir: C:\Users\hsingh\AppData\Loc...}, goog:chromeOptions: {debuggerAddress: localhost:56686}, javascriptEnabled: true, networkConnectionEnabled: false, pageLoadStrategy: normal, platform: XP, platformName: XP, proxy: Proxy(), setWindowRect: true, strictFileInteractability: false, timeouts: {implicit: 0, pageLoad: 300000, script: 30000}, unhandledPromptBehavior: dismiss and notify}
Session ID: 212332090c0daf2f047486d345d5e88d">
      <![CDATA[org.openqa.selenium.ElementClickInterceptedException: element click intercepted: Element <a class="" href="/hammer" data-i18n="_hammers_">...</a> is not clickable at point (886, 73). Other element would receive the click: <div ng-show="sharedData.inProcess || sharedData.inLoadingScriptsProcess" class="progress fullpage">...</div>
  (Session info: chrome=77.0.3865.120)
Build info: version: '3.14.0', revision: 'aacccce0', time: '2018-08-02T20:19:58.91Z'
System info: host: 'REM-L-SINGHH', ip: '10.12.60.25', os.name: 'Windows 10', os.arch: 'amd64', os.version: '10.0', java.version: '1.8.0_171'
Driver info: org.openqa.selenium.chrome.ChromeDriver
Capabilities {acceptInsecureCerts: false, browserName: chrome, browserVersion: 77.0.3865.120, chrome: {chromedriverVersion: 77.0.3865.40 (f484704e052e0..., userDataDir: C:\Users\hsingh\AppData\Loc...}, goog:chromeOptions: {debuggerAddress: localhost:56686}, javascriptEnabled: true, networkConnectionEnabled: false, pageLoadStrategy: normal, platform: XP, platformName: XP, proxy: Proxy(), setWindowRect: true, strictFileInteractability: false, timeouts: {implicit: 0, pageLoad: 300000, script: 30000}, unhandledPromptBehavior: dismiss and notify}
Session ID: 212332090c0daf2f047486d345d5e88d
at org.openqa.selenium.remote.http.W3CHttpResponseCodec.createException(W3CHttpResponseCodec.java:187)
at org.openqa.selenium.remote.http.W3CHttpResponseCodec.decode(W3CHttpResponseCodec.java:122)
at org.openqa.selenium.remote.http.W3CHttpResponseCodec.decode(W3CHttpResponseCodec.java:49)
at org.openqa.selenium.remote.HttpCommandExecutor.execute(HttpCommandExecutor.java:158)
at org.openqa.selenium.remote.service.DriverCommandExecutor.execute(DriverCommandExecutor.java:83)
at org.openqa.selenium.remote.RemoteWebDriver.execute(RemoteWebDriver.java:548)
at org.openqa.selenium.remote.RemoteWebElement.execute(RemoteWebElement.java:276)
at org.openqa.selenium.remote.RemoteWebElement.click(RemoteWebElement.java:83)
at PageActions.pom009_VoiceWatch_Hammers_Tab.hammerTabValidation(pom009_VoiceWatch_Hammers_Tab.java:69)
at VW_TC.TC0002_login_With_Exmpirix_Admin.hammerTabValidation(TC0002_login_With_Exmpirix_Admin.java:190)
... Removed 29 stack frames]]>
    </failure>
  </testcase> <!-- hammerTabValidation -->
</testsuite> <!-- Test Case: 002 - Login with 'Empirix Admin' Credetials'and verify TabAvailablity -->
