<?xml version="1.0" encoding="UTF-8"?>
<!-- Generated by org.testng.reporters.JUnitXMLReporter -->
<testsuite hostname="REM-L-SINGHH" ignored="0" name="Test Case: 002 - Login with &#039;Empirix Admin&#039; Credetials&#039;and verify TabAvailablity" tests="10" failures="1" timestamp="30 Sep 2019 10:14:39 GMT" time="272.513" errors="0">
  <testcase name="logInWithExpirixAdmin" time="12.573" classname="VW_TC.TC0002_login_With_Exmpirix_Admin"/>
  <testcase name="headerMandatoryDetails" time="0.34" classname="VW_TC.TC0002_login_With_Exmpirix_Admin"/>
  <testcase name="footerMandatoryDetails" time="0.22" classname="VW_TC.TC0002_login_With_Exmpirix_Admin"/>
  <testcase name="TabAvailabilityValidation" time="1.187" classname="VW_TC.TC0002_login_With_Exmpirix_Admin"/>
  <testcase name="dashBoardTabValidation" time="2.308" classname="VW_TC.TC0002_login_With_Exmpirix_Admin"/>
  <testcase name="alertTabValidation" time="1.687" classname="VW_TC.TC0002_login_With_Exmpirix_Admin"/>
  <testcase name="testTabValidation" time="38.119" classname="VW_TC.TC0002_login_With_Exmpirix_Admin"/>
  <testcase name="tagTabValidation" time="13.796" classname="VW_TC.TC0002_login_With_Exmpirix_Admin"/>
  <testcase name="scriptTabValidation" time="158.768" classname="VW_TC.TC0002_login_With_Exmpirix_Admin">
    <failure type="org.openqa.selenium.NoSuchElementException" message="Unable to locate element: //*[@id=&amp;quot;LAB-R&amp;quot;]/div[1]/div[2]/div/div[2]/div/div[2]/form/div[1]
For documentation on this error, please visit: http://seleniumhq.org/exceptions/no_such_element.html
Build info: version: &amp;apos;3.14.0&amp;apos;, revision: &amp;apos;aacccce0&amp;apos;, time: &amp;apos;2018-08-02T20:19:58.91Z&amp;apos;
System info: host: &amp;apos;REM-L-SINGHH&amp;apos;, ip: &amp;apos;192.168.118.25&amp;apos;, os.name: &amp;apos;Windows 10&amp;apos;, os.arch: &amp;apos;amd64&amp;apos;, os.version: &amp;apos;10.0&amp;apos;, java.version: &amp;apos;1.8.0_171&amp;apos;
Driver info: org.openqa.selenium.firefox.FirefoxDriver
Capabilities {acceptInsecureCerts: true, browserName: firefox, browserVersion: 67.0.4, javascriptEnabled: true, moz:accessibilityChecks: false, moz:buildID: 20190619235627, moz:geckodriverVersion: 0.24.0, moz:headless: false, moz:processID: 17104, moz:profile: C:\Users\hsingh\AppData\Loc..., moz:shutdownTimeout: 60000, moz:useNonSpecCompliantPointerOrigin: false, moz:webdriverClick: true, pageLoadStrategy: normal, platform: WINDOWS, platformName: WINDOWS, platformVersion: 10.0, rotatable: false, setWindowRect: true, strictFileInteractability: false, timeouts: {implicit: 0, pageLoad: 300000, script: 30000}, unhandledPromptBehavior: dismiss and notify}
Session ID: 1fed3920-0e51-4a86-bbc6-b7e0cdaeff89
*** Element info: {Using=xpath, value=//*[@id=&amp;quot;LAB-R&amp;quot;]/div[1]/div[2]/div/div[2]/div/div[2]/form/div[1]}">
      <![CDATA[org.openqa.selenium.NoSuchElementException: Unable to locate element: //*[@id="LAB-R"]/div[1]/div[2]/div/div[2]/div/div[2]/form/div[1]
For documentation on this error, please visit: http://seleniumhq.org/exceptions/no_such_element.html
Build info: version: '3.14.0', revision: 'aacccce0', time: '2018-08-02T20:19:58.91Z'
System info: host: 'REM-L-SINGHH', ip: '192.168.118.25', os.name: 'Windows 10', os.arch: 'amd64', os.version: '10.0', java.version: '1.8.0_171'
Driver info: org.openqa.selenium.firefox.FirefoxDriver
Capabilities {acceptInsecureCerts: true, browserName: firefox, browserVersion: 67.0.4, javascriptEnabled: true, moz:accessibilityChecks: false, moz:buildID: 20190619235627, moz:geckodriverVersion: 0.24.0, moz:headless: false, moz:processID: 17104, moz:profile: C:\Users\hsingh\AppData\Loc..., moz:shutdownTimeout: 60000, moz:useNonSpecCompliantPointerOrigin: false, moz:webdriverClick: true, pageLoadStrategy: normal, platform: WINDOWS, platformName: WINDOWS, platformVersion: 10.0, rotatable: false, setWindowRect: true, strictFileInteractability: false, timeouts: {implicit: 0, pageLoad: 300000, script: 30000}, unhandledPromptBehavior: dismiss and notify}
Session ID: 1fed3920-0e51-4a86-bbc6-b7e0cdaeff89
*** Element info: {Using=xpath, value=//*[@id="LAB-R"]/div[1]/div[2]/div/div[2]/div/div[2]/form/div[1]}
at org.openqa.selenium.remote.http.W3CHttpResponseCodec.createException(W3CHttpResponseCodec.java:187)
at org.openqa.selenium.remote.http.W3CHttpResponseCodec.decode(W3CHttpResponseCodec.java:122)
at org.openqa.selenium.remote.http.W3CHttpResponseCodec.decode(W3CHttpResponseCodec.java:49)
at org.openqa.selenium.remote.HttpCommandExecutor.execute(HttpCommandExecutor.java:158)
at org.openqa.selenium.remote.service.DriverCommandExecutor.execute(DriverCommandExecutor.java:83)
at org.openqa.selenium.remote.RemoteWebDriver.execute(RemoteWebDriver.java:548)
at org.openqa.selenium.remote.RemoteWebDriver.findElement(RemoteWebDriver.java:322)
at org.openqa.selenium.remote.RemoteWebDriver.findElementByXPath(RemoteWebDriver.java:424)
at org.openqa.selenium.By$ByXPath.findElement(By.java:353)
at org.openqa.selenium.remote.RemoteWebDriver.findElement(RemoteWebDriver.java:314)
at PageActions.pom007_VoiceWatch_Script_Tabs.createSUbybutton(pom007_VoiceWatch_Script_Tabs.java:495)
at VW_TC.TC0002_login_With_Exmpirix_Admin.scriptTabValidation(TC0002_login_With_Exmpirix_Admin.java:160)
... Removed 29 stack frames]]>
    </failure>
  </testcase> <!-- scriptTabValidation -->
  <testcase name="variableTabValidation" time="24.482" classname="VW_TC.TC0002_login_With_Exmpirix_Admin"/>
</testsuite> <!-- Test Case: 002 - Login with 'Empirix Admin' Credetials'and verify TabAvailablity -->
