<?xml version="1.0" encoding="UTF-8"?>
<!-- Generated by org.testng.reporters.JUnitXMLReporter -->
<testsuite hostname="REM-L-SINGHH" ignored="0" name="Test Case:006 - Login with &#039;Partner Enhanced User Credetials&#039;and verify TabAvailablity" tests="3" failures="0" timestamp="27 Aug 2019 06:09:40 GMT" time="874.47" errors="0">
  <testcase name="logInWithPartnerEnhancedUser" time="11.065" classname="VW_TC.TC0006_login_With_Partner_Enhanced_User"/>
  <testcase name="scriptTabValidation" time="221.491" classname="VW_TC.TC0006_login_With_Partner_Enhanced_User"/>
  <testcase name="variableTabValidation" time="623.148" classname="VW_TC.TC0006_login_With_Partner_Enhanced_User"/>
</testsuite> <!-- Test Case:006 - Login with 'Partner Enhanced User Credetials'and verify TabAvailablity -->
