<?xml version="1.0" encoding="UTF-8"?>
<!-- Generated by org.testng.reporters.JUnitXMLReporter -->
<testsuite hostname="REM-L-SINGHH" ignored="0" name="Test Case: 0018- Validate Sanity Workflow" tests="3" failures="0" timestamp="2019-12-02T11:35:34 IST" time="228.974" errors="0">
  <testcase name="createScript_by_ScriptUpload" time="42.907" classname="VW_TC.TC0018_login_With_Exmpirix_Admin_Sanity2"/>
  <testcase name="deleteScript_by_ScriptUpload" time="42.781" classname="VW_TC.TC0018_login_With_Exmpirix_Admin_Sanity2"/>
  <testcase name="createScript_by_CSV" time="50.317" classname="VW_TC.TC0018_login_With_Exmpirix_Admin_Sanity2"/>
</testsuite> <!-- Test Case: 0018- Validate Sanity Workflow -->
