<?xml version="1.0" encoding="UTF-8"?>
<!-- Generated by org.testng.reporters.JUnitXMLReporter -->
<testsuite hostname="REM-L-SINGHH" ignored="0" name="Test Case: 000 - Login with &#039;Empirix Admin&#039; Credetials&#039;and verify TabAvailablity" tests="3" failures="0" timestamp="25 Oct 2019 09:33:02 GMT" time="39.726" errors="0">
  <testcase name="logInWithExpirixAdmin" time="14.729" classname="VW_TC.TC0000_Debug_Testing"/>
  <testcase name="headerMandatoryDetails" time="0.372" classname="VW_TC.TC0000_Debug_Testing"/>
  <testcase name="footerMandatoryDetails" time="0.49" classname="VW_TC.TC0000_Debug_Testing"/>
</testsuite> <!-- Test Case: 000 - Login with 'Empirix Admin' Credetials'and verify TabAvailablity -->
