<?xml version="1.0" encoding="UTF-8"?>
<!-- Generated by org.testng.reporters.JUnitXMLReporter -->
<testsuite hostname="REM-L-SINGHH" ignored="0" name="Test Case: 002 - Login with &#039;Empirix Admin&#039; Credetials&#039;and verify TabAvailablity" tests="2" failures="0" timestamp="2019-12-01T21:44:54 IST" time="134.23" errors="0">
  <testcase name="logInWithExpirixAdmin" time="25.1" classname="VW_TC.TC0017_login_With_Exmpirix_Admin_Sanity"/>
  <testcase name="ValidateScriptFunctinality" time="91.841" classname="VW_TC.TC0017_login_With_Exmpirix_Admin_Sanity"/>
</testsuite> <!-- Test Case: 002 - Login with 'Empirix Admin' Credetials'and verify TabAvailablity -->
