<?xml version="1.0" encoding="UTF-8"?>
<!-- Generated by org.testng.reporters.JUnitXMLReporter -->
<testsuite hostname="REM-L-SINGHH" ignored="0" name="Test Case: 000 - Login with &#039;Empirix Admin&#039; Credetials&#039;and verify TabAvailablity" tests="3" failures="0" timestamp="25 Oct 2019 18:52:27 GMT" time="41.272" errors="0">
  <testcase name="logInWithExpirixAdmin" time="18.222" classname="VW_TC.TC0000_Debug_Testing"/>
  <testcase name="headerMandatoryDetails" time="0.544" classname="VW_TC.TC0000_Debug_Testing"/>
  <testcase name="footerMandatoryDetails" time="0.409" classname="VW_TC.TC0000_Debug_Testing"/>
</testsuite> <!-- Test Case: 000 - Login with 'Empirix Admin' Credetials'and verify TabAvailablity -->
