<?xml version="1.0" encoding="UTF-8"?>
<!-- Generated by org.testng.reporters.JUnitXMLReporter -->
<testsuite hostname="REM-L-SINGHH" ignored="0" name="Test Case: 002 - Login with &#039;Empirix Admin&#039; Credetials&#039;and verify TabAvailablity" tests="11" failures="0" timestamp="25 Oct 2019 09:03:54 GMT" time="0.005" errors="0">
  <testcase name="@BeforeTest applicationLaunch" time="0.0" classname="VW_TC.TC0002_login_With_Exmpirix_Admin">
    <failure type="java.lang.NullPointerException">
      <![CDATA[java.lang.NullPointerException
at resources.baseProperties.intializeDriver(baseProperties.java:117)
at VW_TC.TC0002_login_With_Exmpirix_Admin.applicationLaunch(TC0002_login_With_Exmpirix_Admin.java:34)
... Removed 28 stack frames]]>
    </failure>
  </testcase> <!-- @BeforeTest applicationLaunch -->
  <testcase name="@AfterTest applicationClose" time="0.0" classname="VW_TC.TC0002_login_With_Exmpirix_Admin">
    <skipped/>
  </testcase> <!-- @AfterTest applicationClose -->
  <testcase name="logInWithExpirixAdmin" time="0.0" classname="VW_TC.TC0002_login_With_Exmpirix_Admin">
    <skipped/>
  </testcase> <!-- logInWithExpirixAdmin -->
  <testcase name="headerMandatoryDetails" time="0.0" classname="VW_TC.TC0002_login_With_Exmpirix_Admin">
    <skipped/>
  </testcase> <!-- headerMandatoryDetails -->
  <testcase name="footerMandatoryDetails" time="0.0" classname="VW_TC.TC0002_login_With_Exmpirix_Admin">
    <skipped/>
  </testcase> <!-- footerMandatoryDetails -->
  <testcase name="TabAvailabilityValidation" time="0.0" classname="VW_TC.TC0002_login_With_Exmpirix_Admin">
    <skipped/>
  </testcase> <!-- TabAvailabilityValidation -->
  <testcase name="dashBoardTabValidation" time="0.0" classname="VW_TC.TC0002_login_With_Exmpirix_Admin">
    <skipped/>
  </testcase> <!-- dashBoardTabValidation -->
  <testcase name="alertTabValidation" time="0.0" classname="VW_TC.TC0002_login_With_Exmpirix_Admin">
    <skipped/>
  </testcase> <!-- alertTabValidation -->
  <testcase name="testTabValidation" time="0.0" classname="VW_TC.TC0002_login_With_Exmpirix_Admin">
    <skipped/>
  </testcase> <!-- testTabValidation -->
  <testcase name="tagTabValidation" time="0.0" classname="VW_TC.TC0002_login_With_Exmpirix_Admin">
    <skipped/>
  </testcase> <!-- tagTabValidation -->
  <testcase name="scriptTabValidation" time="0.0" classname="VW_TC.TC0002_login_With_Exmpirix_Admin">
    <skipped/>
  </testcase> <!-- scriptTabValidation -->
  <testcase name="variableTabValidation" time="0.0" classname="VW_TC.TC0002_login_With_Exmpirix_Admin">
    <skipped/>
  </testcase> <!-- variableTabValidation -->
  <testcase name="hammerTabValidation" time="0.0" classname="VW_TC.TC0002_login_With_Exmpirix_Admin">
    <skipped/>
  </testcase> <!-- hammerTabValidation -->
</testsuite> <!-- Test Case: 002 - Login with 'Empirix Admin' Credetials'and verify TabAvailablity -->
