<?xml version="1.0" encoding="UTF-8"?>
<!-- Generated by org.testng.reporters.JUnitXMLReporter -->
<testsuite hostname="REM-L-SINGHH" ignored="0" name="Test Case: 011 &#039;Login with &#039;Client or Partner Client User&#039;and verify TabAvailablity" tests="8" failures="0" timestamp="30 Sep 2019 11:08:44 GMT" time="108.747" errors="0">
  <testcase name="@BeforeTest applicationLaunch" time="108.735" classname="VW_TC.TC0011_login_With_Client_OR_Partner_Client_User">
    <failure type="org.openqa.selenium.NoSuchElementException" message="Unable to locate element: //*[@id=&amp;quot;wrapper&amp;quot;]/div[1]/nav/div[1]/a/img
For documentation on this error, please visit: http://seleniumhq.org/exceptions/no_such_element.html
Build info: version: &amp;apos;3.14.0&amp;apos;, revision: &amp;apos;aacccce0&amp;apos;, time: &amp;apos;2018-08-02T20:19:58.91Z&amp;apos;
System info: host: &amp;apos;REM-L-SINGHH&amp;apos;, ip: &amp;apos;192.168.118.25&amp;apos;, os.name: &amp;apos;Windows 10&amp;apos;, os.arch: &amp;apos;amd64&amp;apos;, os.version: &amp;apos;10.0&amp;apos;, java.version: &amp;apos;1.8.0_171&amp;apos;
Driver info: org.openqa.selenium.firefox.FirefoxDriver
Capabilities {acceptInsecureCerts: true, browserName: firefox, browserVersion: 67.0.4, javascriptEnabled: true, moz:accessibilityChecks: false, moz:buildID: 20190619235627, moz:geckodriverVersion: 0.24.0, moz:headless: false, moz:processID: 23812, moz:profile: C:\Users\hsingh\AppData\Loc..., moz:shutdownTimeout: 60000, moz:useNonSpecCompliantPointerOrigin: false, moz:webdriverClick: true, pageLoadStrategy: normal, platform: WINDOWS, platformName: WINDOWS, platformVersion: 10.0, rotatable: false, setWindowRect: true, strictFileInteractability: false, timeouts: {implicit: 0, pageLoad: 300000, script: 30000}, unhandledPromptBehavior: dismiss and notify}
Session ID: 4f4e3ea7-9be7-4249-9277-fc5a12580270
*** Element info: {Using=xpath, value=//*[@id=&amp;quot;wrapper&amp;quot;]/div[1]/nav/div[1]/a/img}">
      <![CDATA[org.openqa.selenium.NoSuchElementException: Unable to locate element: //*[@id="wrapper"]/div[1]/nav/div[1]/a/img
For documentation on this error, please visit: http://seleniumhq.org/exceptions/no_such_element.html
Build info: version: '3.14.0', revision: 'aacccce0', time: '2018-08-02T20:19:58.91Z'
System info: host: 'REM-L-SINGHH', ip: '192.168.118.25', os.name: 'Windows 10', os.arch: 'amd64', os.version: '10.0', java.version: '1.8.0_171'
Driver info: org.openqa.selenium.firefox.FirefoxDriver
Capabilities {acceptInsecureCerts: true, browserName: firefox, browserVersion: 67.0.4, javascriptEnabled: true, moz:accessibilityChecks: false, moz:buildID: 20190619235627, moz:geckodriverVersion: 0.24.0, moz:headless: false, moz:processID: 23812, moz:profile: C:\Users\hsingh\AppData\Loc..., moz:shutdownTimeout: 60000, moz:useNonSpecCompliantPointerOrigin: false, moz:webdriverClick: true, pageLoadStrategy: normal, platform: WINDOWS, platformName: WINDOWS, platformVersion: 10.0, rotatable: false, setWindowRect: true, strictFileInteractability: false, timeouts: {implicit: 0, pageLoad: 300000, script: 30000}, unhandledPromptBehavior: dismiss and notify}
Session ID: 4f4e3ea7-9be7-4249-9277-fc5a12580270
*** Element info: {Using=xpath, value=//*[@id="wrapper"]/div[1]/nav/div[1]/a/img}
at org.openqa.selenium.remote.http.W3CHttpResponseCodec.createException(W3CHttpResponseCodec.java:187)
at org.openqa.selenium.remote.http.W3CHttpResponseCodec.decode(W3CHttpResponseCodec.java:122)
at org.openqa.selenium.remote.http.W3CHttpResponseCodec.decode(W3CHttpResponseCodec.java:49)
at org.openqa.selenium.remote.HttpCommandExecutor.execute(HttpCommandExecutor.java:158)
at org.openqa.selenium.remote.service.DriverCommandExecutor.execute(DriverCommandExecutor.java:83)
at org.openqa.selenium.remote.RemoteWebDriver.execute(RemoteWebDriver.java:548)
at org.openqa.selenium.remote.RemoteWebDriver.findElement(RemoteWebDriver.java:322)
at org.openqa.selenium.remote.RemoteWebDriver.findElementByXPath(RemoteWebDriver.java:424)
at org.openqa.selenium.By$ByXPath.findElement(By.java:353)
at org.openqa.selenium.remote.RemoteWebDriver.findElement(RemoteWebDriver.java:314)
at resources.baseProperties.intializeDriver(baseProperties.java:84)
at VW_TC.TC0011_login_With_Client_OR_Partner_Client_User.applicationLaunch(TC0011_login_With_Client_OR_Partner_Client_User.java:31)
... Removed 32 stack frames]]>
    </failure>
  </testcase> <!-- @BeforeTest applicationLaunch -->
  <testcase name="@AfterTest applicationClose" time="0.0" classname="VW_TC.TC0011_login_With_Client_OR_Partner_Client_User">
    <skipped/>
  </testcase> <!-- @AfterTest applicationClose -->
  <testcase name="logInWithPartnerClient_User" time="0.0" classname="VW_TC.TC0011_login_With_Client_OR_Partner_Client_User">
    <skipped/>
  </testcase> <!-- logInWithPartnerClient_User -->
  <testcase name="headerMandatoryDetails" time="0.0" classname="VW_TC.TC0011_login_With_Client_OR_Partner_Client_User">
    <skipped/>
  </testcase> <!-- headerMandatoryDetails -->
  <testcase name="footerMandatoryDetails" time="0.0" classname="VW_TC.TC0011_login_With_Client_OR_Partner_Client_User">
    <skipped/>
  </testcase> <!-- footerMandatoryDetails -->
  <testcase name="TabValidation" time="0.0" classname="VW_TC.TC0011_login_With_Client_OR_Partner_Client_User">
    <skipped/>
  </testcase> <!-- TabValidation -->
  <testcase name="dashBoardTabValidation" time="0.0" classname="VW_TC.TC0011_login_With_Client_OR_Partner_Client_User">
    <skipped/>
  </testcase> <!-- dashBoardTabValidation -->
  <testcase name="alertTabValidation" time="0.0" classname="VW_TC.TC0011_login_With_Client_OR_Partner_Client_User">
    <skipped/>
  </testcase> <!-- alertTabValidation -->
  <testcase name="testTabValidation" time="0.0" classname="VW_TC.TC0011_login_With_Client_OR_Partner_Client_User">
    <skipped/>
  </testcase> <!-- testTabValidation -->
  <testcase name="variableTabValidation" time="0.0" classname="VW_TC.TC0011_login_With_Client_OR_Partner_Client_User">
    <skipped/>
  </testcase> <!-- variableTabValidation -->
</testsuite> <!-- Test Case: 011 'Login with 'Client or Partner Client User'and verify TabAvailablity -->
