<?xml version="1.0" encoding="UTF-8"?>
<!-- Generated by org.testng.reporters.JUnitXMLReporter -->
<testsuite hostname="REM-L-SINGHH" ignored="0" name="Test Case: 000 - Login with &#039;Empirix Admin&#039; Credetials&#039;and verify TabAvailablity" tests="1" failures="0" timestamp="19 Oct 2019 14:42:42 GMT" time="56.52" errors="0">
  <testcase name="logInWithExpirixAdmin" time="24.343" classname="VW_TC.TC0000_Debug_Testing"/>
</testsuite> <!-- Test Case: 000 - Login with 'Empirix Admin' Credetials'and verify TabAvailablity -->
