<?xml version="1.0" encoding="UTF-8"?>
<!-- Generated by org.testng.reporters.JUnitXMLReporter -->
<testsuite hostname="REM-L-SINGHH" ignored="0" name="Test Case: 007 - Login with &#039;Partner Use&#039; Credetials and verify TabAvailablity" tests="8" failures="0" timestamp="19 Oct 2019 14:12:32 GMT" time="2.243" errors="0">
  <testcase name="@BeforeTest applicationLaunch" time="2.243" classname="VW_TC.TC0007_login_With_Partner_User">
    <failure type="java.lang.NullPointerException">
      <![CDATA[java.lang.NullPointerException
at resources.baseProperties.intializeDriver(baseProperties.java:110)
at VW_TC.TC0007_login_With_Partner_User.applicationLaunch(TC0007_login_With_Partner_User.java:30)
... Removed 28 stack frames]]>
    </failure>
  </testcase> <!-- @BeforeTest applicationLaunch -->
  <testcase name="@AfterTest applicationClose" time="0.0" classname="VW_TC.TC0007_login_With_Partner_User">
    <skipped/>
  </testcase> <!-- @AfterTest applicationClose -->
  <testcase name="logInWithPartnerUser" time="0.0" classname="VW_TC.TC0007_login_With_Partner_User">
    <skipped/>
  </testcase> <!-- logInWithPartnerUser -->
  <testcase name="headerMandatoryDetails" time="0.0" classname="VW_TC.TC0007_login_With_Partner_User">
    <skipped/>
  </testcase> <!-- headerMandatoryDetails -->
  <testcase name="footerMandatoryDetails" time="0.0" classname="VW_TC.TC0007_login_With_Partner_User">
    <skipped/>
  </testcase> <!-- footerMandatoryDetails -->
  <testcase name="TabValidation" time="0.0" classname="VW_TC.TC0007_login_With_Partner_User">
    <skipped/>
  </testcase> <!-- TabValidation -->
  <testcase name="dashBoardTabValidation" time="0.0" classname="VW_TC.TC0007_login_With_Partner_User">
    <skipped/>
  </testcase> <!-- dashBoardTabValidation -->
  <testcase name="alertTabValidation" time="0.0" classname="VW_TC.TC0007_login_With_Partner_User">
    <skipped/>
  </testcase> <!-- alertTabValidation -->
  <testcase name="testTabValidation" time="0.0" classname="VW_TC.TC0007_login_With_Partner_User">
    <skipped/>
  </testcase> <!-- testTabValidation -->
  <testcase name="variableTabValidation" time="0.0" classname="VW_TC.TC0007_login_With_Partner_User">
    <skipped/>
  </testcase> <!-- variableTabValidation -->
</testsuite> <!-- Test Case: 007 - Login with 'Partner Use' Credetials and verify TabAvailablity -->
