<?xml version="1.0" encoding="UTF-8"?>
<!-- Generated by org.testng.reporters.JUnitXMLReporter -->
<testsuite hostname="REM-L-SINGHH" ignored="0" name="Test Case: 005 - Login with &#039;Partner Developer&#039; Credetials and verify TabAvailablity" tests="11" failures="0" timestamp="26 Oct 2019 17:19:45 GMT" time="660.027" errors="0">
  <testcase name="logInWithExpirixBusinessAnalyst" time="17.416" classname="VW_TC.TC0003_login_With_Empirix_Business_Analyst"/>
  <testcase name="headerMandatoryDetails" time="0.582" classname="VW_TC.TC0003_login_With_Empirix_Business_Analyst"/>
  <testcase name="footerMandatoryDetails" time="0.42" classname="VW_TC.TC0003_login_With_Empirix_Business_Analyst"/>
  <testcase name="TabValidation" time="0.725" classname="VW_TC.TC0003_login_With_Empirix_Business_Analyst"/>
  <testcase name="dashBoardTabValidation" time="3.831" classname="VW_TC.TC0003_login_With_Empirix_Business_Analyst"/>
  <testcase name="alertTabValidation" time="4.104" classname="VW_TC.TC0003_login_With_Empirix_Business_Analyst"/>
  <testcase name="testTabValidation" time="4.123" classname="VW_TC.TC0003_login_With_Empirix_Business_Analyst"/>
  <testcase name="tagTabValidation" time="11.233" classname="VW_TC.TC0003_login_With_Empirix_Business_Analyst"/>
  <testcase name="scriptTabValidation" time="143.324" classname="VW_TC.TC0003_login_With_Empirix_Business_Analyst"/>
  <testcase name="variableTabValidation" time="416.533" classname="VW_TC.TC0003_login_With_Empirix_Business_Analyst"/>
  <testcase name="hammerTabValidation" time="36.208" classname="VW_TC.TC0003_login_With_Empirix_Business_Analyst"/>
</testsuite> <!-- Test Case: 005 - Login with 'Partner Developer' Credetials and verify TabAvailablity -->
