<?xml version="1.0" encoding="UTF-8"?>
<!-- Generated by org.testng.reporters.JUnitXMLReporter -->
<testsuite hostname="REM-L-SINGHH" ignored="0" name="Test Case: 001- Login Page Verification " tests="2" failures="0" timestamp="24 Nov 2019 05:25:27 GMT" time="33.724" errors="0">
  <testcase name="logInScreenVerification" time="8.385" classname="VW_TC.TC0001_login_Page_Verification">
    <skipped/>
  </testcase> <!-- logInScreenVerification -->
  <testcase name="logInScreenVerification" time="0.48" classname="VW_TC.TC0001_login_Page_Verification"/>
</testsuite> <!-- Test Case: 001- Login Page Verification  -->
