<?xml version="1.0" encoding="UTF-8"?>
<!-- Generated by org.testng.reporters.JUnitXMLReporter -->
<testsuite hostname="REM-L-SINGHH" ignored="0" name="Test Case: 000 - Login with &#039;Empirix Admin&#039; Credetials&#039;and verify TabAvailablity" tests="11" failures="1" timestamp="22 Oct 2019 17:59:50 GMT" time="233.267" errors="0">
  <testcase name="logInWithExpirixAdmin" time="21.157" classname="VW_TC.TC0000_Debug_Testing"/>
  <testcase name="headerMandatoryDetails" time="0.432" classname="VW_TC.TC0000_Debug_Testing"/>
  <testcase name="footerMandatoryDetails" time="0.257" classname="VW_TC.TC0000_Debug_Testing"/>
  <testcase name="TabAvailabilityValidation" time="1.273" classname="VW_TC.TC0000_Debug_Testing"/>
  <testcase name="dashBoardTabValidation" time="2.916" classname="VW_TC.TC0000_Debug_Testing"/>
  <testcase name="alertTabValidation" time="3.1" classname="VW_TC.TC0000_Debug_Testing"/>
  <testcase name="testTabValidation" time="25.099" classname="VW_TC.TC0000_Debug_Testing">
    <failure type="org.openqa.selenium.StaleElementReferenceException" message="The element reference of &amp;lt;span class=&amp;quot;label label-pretty ng-binding ng-isolate-scope labelsuccess&amp;quot;&amp;gt; is stale; either the element is no longer attached to the DOM, it is not in the current frame context, or the document has been refreshed
For documentation on this error, please visit: http://seleniumhq.org/exceptions/stale_element_reference.html
Build info: version: &amp;apos;3.14.0&amp;apos;, revision: &amp;apos;aacccce0&amp;apos;, time: &amp;apos;2018-08-02T20:19:58.91Z&amp;apos;
System info: host: &amp;apos;REM-L-SINGHH&amp;apos;, ip: &amp;apos;192.168.118.35&amp;apos;, os.name: &amp;apos;Windows 10&amp;apos;, os.arch: &amp;apos;amd64&amp;apos;, os.version: &amp;apos;10.0&amp;apos;, java.version: &amp;apos;1.8.0_171&amp;apos;
Driver info: org.openqa.selenium.firefox.FirefoxDriver
Capabilities {acceptInsecureCerts: true, browserName: firefox, browserVersion: 69.0.1, javascriptEnabled: true, moz:accessibilityChecks: false, moz:buildID: 20190917135527, moz:geckodriverVersion: 0.26.0, moz:headless: false, moz:processID: 3492, moz:profile: C:\Users\hsingh\AppData\Loc..., moz:shutdownTimeout: 60000, moz:useNonSpecCompliantPointerOrigin: false, moz:webdriverClick: true, pageLoadStrategy: normal, platform: WINDOWS, platformName: WINDOWS, platformVersion: 10.0, rotatable: false, setWindowRect: true, strictFileInteractability: false, timeouts: {implicit: 0, pageLoad: 300000, script: 30000}, unhandledPromptBehavior: dismiss and notify}
Session ID: 132a92ee-4b39-4ff5-aeeb-737daf0abd8c">
      <![CDATA[org.openqa.selenium.StaleElementReferenceException: The element reference of <span class="label label-pretty ng-binding ng-isolate-scope labelsuccess"> is stale; either the element is no longer attached to the DOM, it is not in the current frame context, or the document has been refreshed
For documentation on this error, please visit: http://seleniumhq.org/exceptions/stale_element_reference.html
Build info: version: '3.14.0', revision: 'aacccce0', time: '2018-08-02T20:19:58.91Z'
System info: host: 'REM-L-SINGHH', ip: '192.168.118.35', os.name: 'Windows 10', os.arch: 'amd64', os.version: '10.0', java.version: '1.8.0_171'
Driver info: org.openqa.selenium.firefox.FirefoxDriver
Capabilities {acceptInsecureCerts: true, browserName: firefox, browserVersion: 69.0.1, javascriptEnabled: true, moz:accessibilityChecks: false, moz:buildID: 20190917135527, moz:geckodriverVersion: 0.26.0, moz:headless: false, moz:processID: 3492, moz:profile: C:\Users\hsingh\AppData\Loc..., moz:shutdownTimeout: 60000, moz:useNonSpecCompliantPointerOrigin: false, moz:webdriverClick: true, pageLoadStrategy: normal, platform: WINDOWS, platformName: WINDOWS, platformVersion: 10.0, rotatable: false, setWindowRect: true, strictFileInteractability: false, timeouts: {implicit: 0, pageLoad: 300000, script: 30000}, unhandledPromptBehavior: dismiss and notify}
Session ID: 132a92ee-4b39-4ff5-aeeb-737daf0abd8c
at org.openqa.selenium.remote.http.W3CHttpResponseCodec.createException(W3CHttpResponseCodec.java:187)
at org.openqa.selenium.remote.http.W3CHttpResponseCodec.decode(W3CHttpResponseCodec.java:122)
at org.openqa.selenium.remote.http.W3CHttpResponseCodec.decode(W3CHttpResponseCodec.java:49)
at org.openqa.selenium.remote.HttpCommandExecutor.execute(HttpCommandExecutor.java:158)
at org.openqa.selenium.remote.service.DriverCommandExecutor.execute(DriverCommandExecutor.java:83)
at org.openqa.selenium.remote.RemoteWebDriver.execute(RemoteWebDriver.java:548)
at org.openqa.selenium.remote.RemoteWebElement.execute(RemoteWebElement.java:276)
at org.openqa.selenium.remote.RemoteWebElement.isEnabled(RemoteWebElement.java:150)
at PageActions.pom005_VoiceWatch_Tests_Tab.createTestbyLink(pom005_VoiceWatch_Tests_Tab.java:945)
at VW_TC.TC0000_Debug_Testing.testTabValidation(TC0000_Debug_Testing.java:125)
... Removed 33 stack frames]]>
    </failure>
  </testcase> <!-- testTabValidation -->
  <testcase name="tagTabValidation" time="17.861" classname="VW_TC.TC0000_Debug_Testing"/>
  <testcase name="scriptTabValidation" time="101.848" classname="VW_TC.TC0000_Debug_Testing"/>
  <testcase name="variableTabValidation" time="15.071" classname="VW_TC.TC0000_Debug_Testing"/>
  <testcase name="hammerTabValidation" time="8.306" classname="VW_TC.TC0000_Debug_Testing"/>
</testsuite> <!-- Test Case: 000 - Login with 'Empirix Admin' Credetials'and verify TabAvailablity -->
