<?xml version="1.0" encoding="UTF-8"?>
<!-- Generated by org.testng.reporters.JUnitXMLReporter -->
<testsuite hostname="REM-L-SINGHH" ignored="0" name="Test Case: 002 - Login with &#039;Empirix Admin&#039; Credetials&#039;and verify TabAvailablity" tests="4" failures="1" timestamp="2019-12-03T12:44:29 IST" time="1086.957" errors="0">
  <testcase name="logInWithExpirixAdmin" time="22.332" classname="VW_TC.TC0017_login_With_Exmpirix_Admin_Sanity"/>
  <testcase name="ValidateScriptFunctinality" time="1048.511" classname="VW_TC.TC0017_login_With_Exmpirix_Admin_Sanity">
    <skipped/>
  </testcase> <!-- ValidateScriptFunctinality -->
  <testcase name="ValidateScriptFunctinality" time="0.111" classname="VW_TC.TC0017_login_With_Exmpirix_Admin_Sanity">
    <skipped/>
  </testcase> <!-- ValidateScriptFunctinality -->
  <testcase name="ValidateScriptFunctinality" time="0.065" classname="VW_TC.TC0017_login_With_Exmpirix_Admin_Sanity">
    <failure type="org.openqa.selenium.ElementClickInterceptedException" message="element click intercepted: Element &amp;lt;a class=&amp;quot;&amp;quot; ng-show=&amp;quot;vwuser.display...Tab&amp;quot; href=&amp;quot;/scripts&amp;quot; data-i18n=&amp;quot;_scripts_&amp;quot;&amp;gt;Scripts&amp;lt;/a&amp;gt; is not clickable at point (714, 74). Other element would receive the click: &amp;lt;h4 class=&amp;quot;modal-title&amp;quot; data-i18n=&amp;quot;_deletingScript_&amp;quot;&amp;gt;...&amp;lt;/h4&amp;gt;
  (Session info: chrome=78.0.3904.108)
Build info: version: &amp;apos;3.141.59&amp;apos;, revision: &amp;apos;e82be7d358&amp;apos;, time: &amp;apos;2018-11-14T08:17:03&amp;apos;
System info: host: &amp;apos;REM-L-SINGHH&amp;apos;, ip: &amp;apos;10.12.60.30&amp;apos;, os.name: &amp;apos;Windows 10&amp;apos;, os.arch: &amp;apos;amd64&amp;apos;, os.version: &amp;apos;10.0&amp;apos;, java.version: &amp;apos;1.8.0_171&amp;apos;
Driver info: org.openqa.selenium.chrome.ChromeDriver
Capabilities {acceptInsecureCerts: false, browserName: chrome, browserVersion: 78.0.3904.108, chrome: {chromedriverVersion: 78.0.3904.105 (60e2d8774a81..., userDataDir: C:\Users\hsingh\AppData\Loc...}, goog:chromeOptions: {debuggerAddress: localhost:52173}, javascriptEnabled: true, networkConnectionEnabled: false, pageLoadStrategy: normal, platform: XP, platformName: XP, proxy: Proxy(), setWindowRect: true, strictFileInteractability: false, timeouts: {implicit: 0, pageLoad: 300000, script: 30000}, unhandledPromptBehavior: dismiss and notify}
Session ID: a721222cdea58db8e207c3e0dc3336cc">
      <![CDATA[org.openqa.selenium.ElementClickInterceptedException: element click intercepted: Element <a class="" ng-show="vwuser.display...Tab" href="/scripts" data-i18n="_scripts_">Scripts</a> is not clickable at point (714, 74). Other element would receive the click: <h4 class="modal-title" data-i18n="_deletingScript_">...</h4>
  (Session info: chrome=78.0.3904.108)
Build info: version: '3.141.59', revision: 'e82be7d358', time: '2018-11-14T08:17:03'
System info: host: 'REM-L-SINGHH', ip: '10.12.60.30', os.name: 'Windows 10', os.arch: 'amd64', os.version: '10.0', java.version: '1.8.0_171'
Driver info: org.openqa.selenium.chrome.ChromeDriver
Capabilities {acceptInsecureCerts: false, browserName: chrome, browserVersion: 78.0.3904.108, chrome: {chromedriverVersion: 78.0.3904.105 (60e2d8774a81..., userDataDir: C:\Users\hsingh\AppData\Loc...}, goog:chromeOptions: {debuggerAddress: localhost:52173}, javascriptEnabled: true, networkConnectionEnabled: false, pageLoadStrategy: normal, platform: XP, platformName: XP, proxy: Proxy(), setWindowRect: true, strictFileInteractability: false, timeouts: {implicit: 0, pageLoad: 300000, script: 30000}, unhandledPromptBehavior: dismiss and notify}
Session ID: a721222cdea58db8e207c3e0dc3336cc
at org.openqa.selenium.remote.http.W3CHttpResponseCodec.createException(W3CHttpResponseCodec.java:187)
at org.openqa.selenium.remote.http.W3CHttpResponseCodec.decode(W3CHttpResponseCodec.java:122)
at org.openqa.selenium.remote.http.W3CHttpResponseCodec.decode(W3CHttpResponseCodec.java:49)
at org.openqa.selenium.remote.HttpCommandExecutor.execute(HttpCommandExecutor.java:158)
at org.openqa.selenium.remote.service.DriverCommandExecutor.execute(DriverCommandExecutor.java:83)
at org.openqa.selenium.remote.RemoteWebDriver.execute(RemoteWebDriver.java:552)
at org.openqa.selenium.remote.RemoteWebElement.execute(RemoteWebElement.java:285)
at org.openqa.selenium.remote.RemoteWebElement.click(RemoteWebElement.java:84)
at PageActions.pom007_VoiceWatch_Script_Tabs.scriptdeletion(pom007_VoiceWatch_Script_Tabs.java:2126)
at VW_TC.TC0017_login_With_Exmpirix_Admin_Sanity.ValidateScriptFunctinality(TC0017_login_With_Exmpirix_Admin_Sanity.java:221)
at java.util.ArrayList.forEach(ArrayList.java:1257)
... Removed 35 stack frames]]>
    </failure>
  </testcase> <!-- ValidateScriptFunctinality -->
</testsuite> <!-- Test Case: 002 - Login with 'Empirix Admin' Credetials'and verify TabAvailablity -->
