<?xml version="1.0" encoding="UTF-8"?>
<!-- Generated by org.testng.reporters.JUnitXMLReporter -->
<testsuite hostname="REM-L-SINGHH" ignored="0" name="Test Case: 002 - Login with &#039;Empirix Admin&#039; Credetials&#039;and verify TabAvailablity" tests="2" failures="0" timestamp="05 Oct 2019 13:48:50 GMT" time="69.931" errors="0">
  <testcase name="logInWithExpirixAdmin" time="17.514" classname="VW_TC.TC0000_Debug_Testing"/>
  <testcase name="hammerTabValidation" time="21.539" classname="VW_TC.TC0000_Debug_Testing"/>
</testsuite> <!-- Test Case: 002 - Login with 'Empirix Admin' Credetials'and verify TabAvailablity -->
