<?xml version="1.0" encoding="UTF-8"?>
<!-- Generated by org.testng.reporters.JUnitXMLReporter -->
<testsuite hostname="REM-L-SINGHH" ignored="0" name="Test Case: 0017- Validate Sanity Workflow" tests="11" failures="0" timestamp="2019-11-26T14:00:02 IST" time="1256.557" errors="0">
  <testcase name="createScript" time="147.995" classname="VW_TC.TC0018_login_With_Exmpirix_Admin_Sanity2"/>
  <testcase name="deleteScript_AllData" time="80.37" classname="VW_TC.TC0018_login_With_Exmpirix_Admin_Sanity2"/>
  <testcase name="deleteScript_only" time="86.196" classname="VW_TC.TC0018_login_With_Exmpirix_Admin_Sanity2"/>
  <testcase name="copyScript" time="118.473" classname="VW_TC.TC0018_login_With_Exmpirix_Admin_Sanity2"/>
  <testcase name="updateScript" time="85.15" classname="VW_TC.TC0018_login_With_Exmpirix_Admin_Sanity2"/>
  <testcase name="createScript_by_ScriptUpload" time="39.404" classname="VW_TC.TC0018_login_With_Exmpirix_Admin_Sanity2"/>
  <testcase name="deleteScript_by_ScriptUpload" time="42.536" classname="VW_TC.TC0018_login_With_Exmpirix_Admin_Sanity2"/>
  <testcase name="createScript_by_CSV" time="46.638" classname="VW_TC.TC0018_login_With_Exmpirix_Admin_Sanity2"/>
  <testcase name="createTest" time="75.989" classname="VW_TC.TC0018_login_With_Exmpirix_Admin_Sanity2"/>
  <testcase name="deleteTest" time="91.74" classname="VW_TC.TC0018_login_With_Exmpirix_Admin_Sanity2"/>
  <testcase name="updateTest" time="84.904" classname="VW_TC.TC0018_login_With_Exmpirix_Admin_Sanity2"/>
</testsuite> <!-- Test Case: 0017- Validate Sanity Workflow -->
