<?xml version="1.0" encoding="UTF-8"?>
<!-- Generated by org.testng.reporters.JUnitXMLReporter -->
<testsuite hostname="REM-L-SINGHH" ignored="0" name="Test Case: 008 - &#039;Login with &#039;Client or Partner Client Customer Admin&#039;and verify TabAvailablity" tests="3" failures="0" timestamp="27 Aug 2019 06:24:07 GMT" time="199.793" errors="0">
  <testcase name="logInWithPartnerClient_CustomerAdmin" time="44.91" classname="VW_TC.TC0008_login_With_Client_OR_Partner_Client_Custmer_Admin"/>
  <testcase name="scriptTabValidation" time="84.19" classname="VW_TC.TC0008_login_With_Client_OR_Partner_Client_Custmer_Admin"/>
  <testcase name="variableTabValidation" time="50.738" classname="VW_TC.TC0008_login_With_Client_OR_Partner_Client_Custmer_Admin"/>
</testsuite> <!-- Test Case: 008 - 'Login with 'Client or Partner Client Customer Admin'and verify TabAvailablity -->
