-------------------------------------------------------------------------------
Test set: TestSuite
-------------------------------------------------------------------------------
Tests run: 29, Failures: 3, Errors: 0, Skipped: 26, Time elapsed: 1.983 s <<< FAILURE! - in TestSuite
applicationLaunch(VW_TC.TC0001_login_Page_Verification)  Time elapsed: 1.114 s  <<< FAILURE!
java.lang.NullPointerException
	at VW_TC.TC0001_login_Page_Verification.applicationLaunch(TC0001_login_Page_Verification.java:23)

applicationLaunch(VW_TC.TC0002_login_With_Exmpirix_Admin)  Time elapsed: 1.162 s  <<< FAILURE!
java.lang.NullPointerException
	at VW_TC.TC0002_login_With_Exmpirix_Admin.applicationLaunch(TC0002_login_With_Exmpirix_Admin.java:34)

applicationLaunch(VW_TC.TC0003_login_With_Empirix_Business_Analyst)  Time elapsed: 1.194 s  <<< FAILURE!
java.lang.NullPointerException
	at VW_TC.TC0003_login_With_Empirix_Business_Analyst.applicationLaunch(TC0003_login_With_Empirix_Business_Analyst.java:34)

