<?xml version="1.0" encoding="UTF-8"?>
<testsuite xmlns:xsi="http://www.w3.org/2001/XMLSchema-instance" xsi:noNamespaceSchemaLocation="https://maven.apache.org/surefire/maven-surefire-plugin/xsd/surefire-test-report.xsd" name="TestSuite" time="111.718" tests="2" errors="0" skipped="0" failures="1">
  <properties>
[...]
</properties>
  <testcase name="logInWithExpirixAdmin" classname="VW_TC.TC0000_Debug_Testing" time="19.094"/>
  <testcase name="scriptTabValidation" classname="VW_TC.TC0000_Debug_Testing" time="67.989">
    <failure message="expected [true] but found [false]" type="java.lang.AssertionError">java.lang.AssertionError: expected [true] but found [false]
	at VW_TC.TC0000_Debug_Testing.scriptTabValidation(TC0000_Debug_Testing.java:169)
</failure>
    <system-out><![CDATA[
Test Case logInWithExpirixAdmin Passed

=========================================
[DEBUG] 2019-10-20 01:43:33,250 pom007_VoiceWatch_Script_Tabs.goScriptBuilderTabValidation() - Verified that 'Go Script Builder Scripts' label appeared on left side of under Script tab
[DEBUG] 2019-10-20 01:43:33,281 pom007_VoiceWatch_Script_Tabs.goScriptBuilderTabValidation() - Verified that 'Go Script Builder Scripts' label enabled on left side of under Script tab
[DEBUG] 2019-10-20 01:43:33,325 pom007_VoiceWatch_Script_Tabs.goScriptBuilderTabValidation() - Verified that 'Go Script Builder Scripts' Text validated on left side under Script Tab
[DEBUG] 2019-10-20 01:43:33,384 pom007_VoiceWatch_Script_Tabs.goScriptBuilderTabValidation() - Verified that 'Script count' dispalyed left side under Script tab
[DEBUG] 2019-10-20 01:43:33,405 pom007_VoiceWatch_Script_Tabs.goScriptBuilderTabValidation() - Verified that 'Script count' enabled left side under Script tab
[DEBUG] 2019-10-20 01:43:33,453 pom007_VoiceWatch_Script_Tabs.goScriptBuilderTabValidation() - Verified that 'Filter by name' filed appeared on left side of under Script tab
[DEBUG] 2019-10-20 01:43:33,465 pom007_VoiceWatch_Script_Tabs.goScriptBuilderTabValidation() - Verified that 'Filter by name' filed enabled on left side of under Script tab
[DEBUG] 2019-10-20 01:43:33,481 pom007_VoiceWatch_Script_Tabs.goScriptBuilderTabValidation() - Verified that 'Please select a script ' label appeared on  under Go Script builder tab
[DEBUG] 2019-10-20 01:43:33,481 pom007_VoiceWatch_Script_Tabs.goScriptBuilderTabValidation() - Verified that 'Please select a script ' label enabled under Go Script builder tab
[DEBUG] 2019-10-20 01:43:33,481 pom007_VoiceWatch_Script_Tabs.goScriptBuilderTabValidation() - Verified that 'Please select a script or' Text validated under Go Script Builder
[DEBUG] 2019-10-20 01:43:33,614 pom007_VoiceWatch_Script_Tabs.createGSBbybutton() - Verified that create a new script plus (+) icon appeared on top left side under Script tab
[DEBUG] 2019-10-20 01:43:44,073 pom007_VoiceWatch_Script_Tabs.createGSBbybutton() - Validated the element while click Script Creation using button (+)
[DEBUG] 2019-10-20 01:43:44,121 pom007_VoiceWatch_Script_Tabs.createGSBbybutton() - Verified that 'Go Script Builder Scripts' label appeared on left side of under Script tab
[DEBUG] 2019-10-20 01:43:44,145 pom007_VoiceWatch_Script_Tabs.createGSBbybutton() - Verified that 'Go Script Builder Scripts' label enabled on left side of under Script tab
[DEBUG] 2019-10-20 01:43:44,169 pom007_VoiceWatch_Script_Tabs.createGSBbybutton() - Verified that 'Go Script Builder Scripts' Text validated on left side under Script Tab
[DEBUG] 2019-10-20 01:43:44,201 pom007_VoiceWatch_Script_Tabs.createGSBbybutton() - Verified that 'Script count' dispalyed left side under Script tab
[DEBUG] 2019-10-20 01:43:44,225 pom007_VoiceWatch_Script_Tabs.createGSBbybutton() - Verified that 'Script count' enabled left side under Script tab
[DEBUG] 2019-10-20 01:43:44,261 pom007_VoiceWatch_Script_Tabs.createGSBbybutton() - Verified that 'Filter by name' filed appeared on left side of under Script tab
[DEBUG] 2019-10-20 01:43:44,302 pom007_VoiceWatch_Script_Tabs.createGSBbybutton() - Verified that 'Filter by name' filed enabled on left side of under Script tab
[DEBUG] 2019-10-20 01:43:44,370 pom007_VoiceWatch_Script_Tabs.createGSBbybutton() - Verified that 'Script name' label appeared on under Go Script Builder
[DEBUG] 2019-10-20 01:43:44,402 pom007_VoiceWatch_Script_Tabs.createGSBbybutton() - Verified that 'Script name' Text validated on under Go Script Builder
[DEBUG] 2019-10-20 01:43:44,438 pom007_VoiceWatch_Script_Tabs.createGSBbybutton() - Verified that 'Script name' filed appeared on under Go Script Builder
[DEBUG] 2019-10-20 01:43:44,473 pom007_VoiceWatch_Script_Tabs.createGSBbybutton() - Verified that 'Script name' field enabled on under Go Script Builder
[DEBUG] 2019-10-20 01:43:44,505 pom007_VoiceWatch_Script_Tabs.createGSBbybutton() - Verified that 'Description' label appeared on under Go Script Builder
[DEBUG] 2019-10-20 01:43:44,545 pom007_VoiceWatch_Script_Tabs.createGSBbybutton() - Verified that 'Description' Text validated on under Go Script Builder
[DEBUG] 2019-10-20 01:43:44,569 pom007_VoiceWatch_Script_Tabs.createGSBbybutton() - Verified that 'Description' label appeared on under Go Script Builder
[DEBUG] 2019-10-20 01:43:44,600 pom007_VoiceWatch_Script_Tabs.createGSBbybutton() - Verified that 'Description' field enabled on under Go Script Builder
[DEBUG] 2019-10-20 01:43:44,648 pom007_VoiceWatch_Script_Tabs.createGSBbybutton() - Verified that 'Save button' displayed under Go Script Upload tab
[DEBUG] 2019-10-20 01:43:44,692 pom007_VoiceWatch_Script_Tabs.createGSBbybutton() - Verified that 'Save button' is disbaled under Go Script Upload tab
[DEBUG] 2019-10-20 01:43:44,724 pom007_VoiceWatch_Script_Tabs.createGSBbybutton() - Verified that 'Save' Text appeared on save button under Go Script Upload tab
[DEBUG] 2019-10-20 01:43:44,771 pom007_VoiceWatch_Script_Tabs.createGSBbybutton() - Verified that 'Script Builder' label appeared on under Go Script Builder
[DEBUG] 2019-10-20 01:43:44,801 pom007_VoiceWatch_Script_Tabs.createGSBbybutton() - Verified that 'Script Builder' Text validated on under Go Script Builder
[DEBUG] 2019-10-20 01:43:44,853 pom007_VoiceWatch_Script_Tabs.createGSBbybutton() - Verified that 'Results' label appeared on under Go Script Builder
[DEBUG] 2019-10-20 01:43:44,881 pom007_VoiceWatch_Script_Tabs.createGSBbybutton() - Verified that 'Results' Text validated on under Go Script Builder
[DEBUG] 2019-10-20 01:43:44,913 pom007_VoiceWatch_Script_Tabs.createGSBbybutton() - Verified that 'Call Logs' label appeared on under Go Script Builder
[DEBUG] 2019-10-20 01:43:44,945 pom007_VoiceWatch_Script_Tabs.createGSBbybutton() - Verified that 'Call Logs' Text validated on under Go Script Builder
[DEBUG] 2019-10-20 01:43:44,992 pom007_VoiceWatch_Script_Tabs.createGSBbybutton() - Verified that 'Associted Test' label appeared on under Go Script Builder
[DEBUG] 2019-10-20 01:43:45,008 pom007_VoiceWatch_Script_Tabs.createGSBbybutton() - Verified that 'Associted Test' Text validated on under Go Script Builder
[DEBUG] 2019-10-20 01:43:47,466 pom007_VoiceWatch_Script_Tabs.createGSBbyLink() - Verified that create a new script by link is appeared under Go Script Builder tab
[DEBUG] 2019-10-20 01:43:57,765 pom007_VoiceWatch_Script_Tabs.createGSBbyLink() - Validated the element while click create a new script by link
[DEBUG] 2019-10-20 01:43:57,809 pom007_VoiceWatch_Script_Tabs.createGSBbyLink() - Verified that 'Go Script Builder Scripts' label appeared on left side of under Script tab
[DEBUG] 2019-10-20 01:43:57,833 pom007_VoiceWatch_Script_Tabs.createGSBbyLink() - Verified that 'Go Script Builder Scripts' label enabled on left side of under Script tab
[DEBUG] 2019-10-20 01:43:57,857 pom007_VoiceWatch_Script_Tabs.createGSBbyLink() - Verified that 'Go Script Builder Scripts' Text validated on left side under Script Tab
[DEBUG] 2019-10-20 01:43:57,901 pom007_VoiceWatch_Script_Tabs.createGSBbyLink() - Verified that 'Script count' dispalyed left side under Script tab
[DEBUG] 2019-10-20 01:43:57,921 pom007_VoiceWatch_Script_Tabs.createGSBbyLink() - Verified that 'Script count' enabled left side under Script tab
[DEBUG] 2019-10-20 01:43:57,965 pom007_VoiceWatch_Script_Tabs.createGSBbyLink() - Verified that 'Filter by name' filed appeared on left side of under Script tab
[DEBUG] 2019-10-20 01:43:57,984 pom007_VoiceWatch_Script_Tabs.createGSBbyLink() - Verified that 'Filter by name' filed enabled on left side of under Script tab
[DEBUG] 2019-10-20 01:43:58,029 pom007_VoiceWatch_Script_Tabs.createGSBbyLink() - Verified that 'Script name' label appeared on under Go Script Builder
[DEBUG] 2019-10-20 01:43:58,061 pom007_VoiceWatch_Script_Tabs.createGSBbyLink() - Verified that 'Script name' Text validated on under Go Script Builder
[DEBUG] 2019-10-20 01:43:58,093 pom007_VoiceWatch_Script_Tabs.createGSBbyLink() - Verified that 'Script name' filed appeared on under Go Script Builder
[DEBUG] 2019-10-20 01:43:58,117 pom007_VoiceWatch_Script_Tabs.createGSBbyLink() - Verified that 'Script name' field enabled on under Go Script Builder
[DEBUG] 2019-10-20 01:43:58,153 pom007_VoiceWatch_Script_Tabs.createGSBbyLink() - Verified that 'Description' label appeared on under Go Script Builder
[DEBUG] 2019-10-20 01:43:58,185 pom007_VoiceWatch_Script_Tabs.createGSBbyLink() - Verified that 'Description' Text validated on under Go Script Builder
[DEBUG] 2019-10-20 01:43:58,221 pom007_VoiceWatch_Script_Tabs.createGSBbyLink() - Verified that 'Description' label appeared on under Go Script Builder
[DEBUG] 2019-10-20 01:43:58,241 pom007_VoiceWatch_Script_Tabs.createGSBbyLink() - Verified that 'Description' field enabled on under Go Script Builder
[DEBUG] 2019-10-20 01:43:58,285 pom007_VoiceWatch_Script_Tabs.createGSBbyLink() - Verified that 'Save button' displayed under Go Script Upload tab
[DEBUG] 2019-10-20 01:43:58,305 pom007_VoiceWatch_Script_Tabs.createGSBbyLink() - Verified that 'Save button' is disbaled under Go Script Upload tab
[DEBUG] 2019-10-20 01:43:58,349 pom007_VoiceWatch_Script_Tabs.createGSBbyLink() - Verified that 'Save' Text appeared on save button under Go Script Upload tab
[DEBUG] 2019-10-20 01:43:58,369 pom007_VoiceWatch_Script_Tabs.createGSBbyLink() - Verified that 'Script Builder' label appeared on under Go Script Builder
[DEBUG] 2019-10-20 01:43:58,400 pom007_VoiceWatch_Script_Tabs.createGSBbyLink() - Verified that 'Script Builder' Text validated on under Go Script Builder
[DEBUG] 2019-10-20 01:43:58,444 pom007_VoiceWatch_Script_Tabs.createGSBbyLink() - Verified that 'Results' label appeared on under Go Script Builder
[DEBUG] 2019-10-20 01:43:58,464 pom007_VoiceWatch_Script_Tabs.createGSBbyLink() - Verified that 'Results' Text validated on under Go Script Builder
[DEBUG] 2019-10-20 01:43:58,507 pom007_VoiceWatch_Script_Tabs.createGSBbyLink() - Verified that 'Call Logs' label appeared on under Go Script Builder
[DEBUG] 2019-10-20 01:43:58,527 pom007_VoiceWatch_Script_Tabs.createGSBbyLink() - Verified that 'Call Logs' Text validated on under Go Script Builder
[DEBUG] 2019-10-20 01:43:58,579 pom007_VoiceWatch_Script_Tabs.createGSBbyLink() - Verified that 'Associted Test' label appeared on under Go Script Builder
[DEBUG] 2019-10-20 01:43:58,607 pom007_VoiceWatch_Script_Tabs.createGSBbyLink() - Verified that 'Associted Test' Text validated on under Go Script Builder
[DEBUG] 2019-10-20 01:44:09,020 pom007_VoiceWatch_Script_Tabs.createSUbybutton() - Verified that create a new script by link is appeared under Script Upload tab
[DEBUG] 2019-10-20 01:44:19,132 pom007_VoiceWatch_Script_Tabs.createSUbybutton() - Validated the element while click Script Creation using Link
[DEBUG] 2019-10-20 01:44:19,188 pom007_VoiceWatch_Script_Tabs.createSUbybutton() - Verified that 'Call Master Scripts' label appeared on left side of Script Upload tab under Script tab
[DEBUG] 2019-10-20 01:44:19,216 pom007_VoiceWatch_Script_Tabs.createSUbybutton() - Verified that 'Call Master Scripts' label enabled on left side of Script Upload tab under Script tab
[DEBUG] 2019-10-20 01:44:19,244 pom007_VoiceWatch_Script_Tabs.createSUbybutton() - Verified that 'Call Master Scripts' Text validated on left side under Script Upload Tab
[DEBUG] 2019-10-20 01:44:19,309 pom007_VoiceWatch_Script_Tabs.createSUbybutton() - Verified that 'Call master Script count' dispalyed on left side of Script Upload tab under Script tab
[DEBUG] 2019-10-20 01:44:19,333 pom007_VoiceWatch_Script_Tabs.createSUbybutton() - Verified that 'Call master Script count' enabled on left side of Script Upload tab under Script tab
[DEBUG] 2019-10-20 01:44:19,376 pom007_VoiceWatch_Script_Tabs.createSUbybutton() - Verified that 'Filter by name' filed appeared on left side of under Script tab
[DEBUG] 2019-10-20 01:44:19,408 pom007_VoiceWatch_Script_Tabs.createSUbybutton() - Verified that 'Filter by name' filed enabled on left side of under Script tab
[DEBUG] 2019-10-20 01:44:19,468 pom007_VoiceWatch_Script_Tabs.createSUbybutton() - Verified that 'Script name' label appeared on under Script Upload
[DEBUG] 2019-10-20 01:44:19,496 pom007_VoiceWatch_Script_Tabs.createSUbybutton() - Verified that 'Script name' Text validated on under Script Upload
[DEBUG] 2019-10-20 01:44:19,540 pom007_VoiceWatch_Script_Tabs.createSUbybutton() - Verified that 'Script name' filed appeared on under Script Upload
[DEBUG] 2019-10-20 01:44:19,564 pom007_VoiceWatch_Script_Tabs.createSUbybutton() - Verified that 'Script name' field enabled on under Script Upload
[DEBUG] 2019-10-20 01:44:19,600 pom007_VoiceWatch_Script_Tabs.createSUbybutton() - Verified that 'Description' label appeared on under Script Upload
[DEBUG] 2019-10-20 01:44:19,628 pom007_VoiceWatch_Script_Tabs.createSUbybutton() - Verified that 'Description' Text validated on under Script Upload
[DEBUG] 2019-10-20 01:44:19,664 pom007_VoiceWatch_Script_Tabs.createSUbybutton() - Verified that 'Description' label appeared on under Script Upload
[DEBUG] 2019-10-20 01:44:19,676 pom007_VoiceWatch_Script_Tabs.createSUbybutton() - Verified that 'Description' field enabled on under Script Upload
[DEBUG] 2019-10-20 01:44:19,724 pom007_VoiceWatch_Script_Tabs.createSUbybutton() - Verified that 'Save button' displayed under Script Upload tab
[DEBUG] 2019-10-20 01:44:19,748 pom007_VoiceWatch_Script_Tabs.createSUbybutton() - Verified that 'Save button' is disbaled under Script Upload tab
[DEBUG] 2019-10-20 01:44:19,792 pom007_VoiceWatch_Script_Tabs.createSUbybutton() - Verified that 'Save' Text appeared on save button under Script Upload tab
[DEBUG] 2019-10-20 01:44:19,844 pom007_VoiceWatch_Script_Tabs.createSUbybutton() - Verified that 'Click to select a script, or drop file below (.xml)' button appeared under Script Upload tab
[DEBUG] 2019-10-20 01:44:19,879 pom007_VoiceWatch_Script_Tabs.createSUbybutton() - Verified that 'Click to select a script, or drop file below (.xml)' button enabled under Script Upload tab
[DEBUG] 2019-10-20 01:44:30,324 pom007_VoiceWatch_Script_Tabs.createSUbyLink() - Verified that create a new script plus (+) icon appeared on top left side under Script Upload tab
[DEBUG] 2019-10-20 01:44:30,403 pom007_VoiceWatch_Script_Tabs.createSUbyLink() - Validated the element while click Script Creation using button (+)
[DEBUG] 2019-10-20 01:44:30,439 pom007_VoiceWatch_Script_Tabs.createSUbyLink() - Verified that 'Call Master Scripts' label appeared on left side of Script Upload tab under Script tab
[DEBUG] 2019-10-20 01:44:30,459 pom007_VoiceWatch_Script_Tabs.createSUbyLink() - Verified that 'Call Master Scripts' label enabled on left side of Script Upload tab under Script tab
[DEBUG] 2019-10-20 01:44:30,483 pom007_VoiceWatch_Script_Tabs.createSUbyLink() - Verified that 'Call Master Scripts' Text validated on left side under Script Upload Tab
[DEBUG] 2019-10-20 01:44:30,522 pom007_VoiceWatch_Script_Tabs.createSUbyLink() - Verified that 'Call master Script count' dispalyed on left side of Script Upload tab under Script tab
[DEBUG] 2019-10-20 01:44:30,546 pom007_VoiceWatch_Script_Tabs.createSUbyLink() - Verified that 'Call master Script count' enabled on left side of Script Upload tab under Script tab
[DEBUG] 2019-10-20 01:44:30,590 pom007_VoiceWatch_Script_Tabs.createSUbyLink() - Verified that 'Filter by name' filed appeared on left side of under Script tab
[DEBUG] 2019-10-20 01:44:30,610 pom007_VoiceWatch_Script_Tabs.createSUbyLink() - Verified that 'Filter by name' filed enabled on left side of under Script tab
[DEBUG] 2019-10-20 01:44:30,659 pom007_VoiceWatch_Script_Tabs.createSUbyLink() - Verified that 'Script name' label appeared on under Script Upload
[DEBUG] 2019-10-20 01:44:30,687 pom007_VoiceWatch_Script_Tabs.createSUbyLink() - Verified that 'Script name' Text validated on under Script Upload
[DEBUG] 2019-10-20 01:44:30,723 pom007_VoiceWatch_Script_Tabs.createSUbyLink() - Verified that 'Script name' filed appeared on under Script Upload
[DEBUG] 2019-10-20 01:44:30,747 pom007_VoiceWatch_Script_Tabs.createSUbyLink() - Verified that 'Script name' field enabled on under Script Upload
[DEBUG] 2019-10-20 01:44:30,783 pom007_VoiceWatch_Script_Tabs.createSUbyLink() - Verified that 'Description' label appeared on under Script Upload
[DEBUG] 2019-10-20 01:44:30,815 pom007_VoiceWatch_Script_Tabs.createSUbyLink() - Verified that 'Description' Text validated on under Script Upload
[DEBUG] 2019-10-20 01:44:30,847 pom007_VoiceWatch_Script_Tabs.createSUbyLink() - Verified that 'Description' label appeared on under Script Upload
[DEBUG] 2019-10-20 01:44:30,871 pom007_VoiceWatch_Script_Tabs.createSUbyLink() - Verified that 'Description' field enabled on under Script Upload
[DEBUG] 2019-10-20 01:44:30,903 pom007_VoiceWatch_Script_Tabs.createSUbyLink() - Verified that 'Save button' displayed under Go Script Upload tab
[DEBUG] 2019-10-20 01:44:30,915 pom007_VoiceWatch_Script_Tabs.createSUbyLink() - Verified that 'Save button' is disbaled under Go Script Upload tab
[DEBUG] 2019-10-20 01:44:30,946 pom007_VoiceWatch_Script_Tabs.createSUbyLink() - Verified that 'Save' Text appeared on save button under Go Script Upload tab
[DEBUG] 2019-10-20 01:44:30,946 pom007_VoiceWatch_Script_Tabs.createSUbyLink() - Verified that 'Click to select a script, or drop file below (.xml)' button appeared under Script Upload tab
[DEBUG] 2019-10-20 01:44:30,978 pom007_VoiceWatch_Script_Tabs.createSUbyLink() - Verified that 'Click to select a script, or drop file below (.xml)' button enabled under Script Upload tab
]]></system-out>
  </testcase>
</testsuite>