<?xml version="1.0" encoding="UTF-8"?>
<testng-results skipped="0" failed="0" ignored="0" total="12" passed="12">
  <reporter-output>
  </reporter-output>
  <suite name="Suite" duration-ms="251588" started-at="2019-10-30T15:01:25Z" finished-at="2019-10-30T15:05:36Z">
    <groups>
    </groups>
    <test name="Test Case: 001- Login Page Verification " duration-ms="19879" started-at="2019-10-30T15:01:25Z" finished-at="2019-10-30T15:01:44Z">
      <class name="VW_TC.TC0001_login_Page_Verification">
        <test-method status="PASS" signature="applicationLaunch()[pri:0, instance:VW_TC.TC0001_login_Page_Verification@51399530]" name="applicationLaunch" is-config="true" duration-ms="14495" started-at="2019-10-30T15:01:25Z" finished-at="2019-10-30T15:01:39Z">
          <reporter-output>
          </reporter-output>
        </test-method> <!-- applicationLaunch -->
        <test-method status="PASS" signature="logInScreenVerification()[pri:1, instance:VW_TC.TC0001_login_Page_Verification@51399530]" name="logInScreenVerification" duration-ms="5213" started-at="2019-10-30T15:01:39Z" finished-at="2019-10-30T15:01:44Z">
          <reporter-output>
          </reporter-output>
        </test-method> <!-- logInScreenVerification -->
        <test-method status="PASS" signature="applicationClose()[pri:0, instance:VW_TC.TC0001_login_Page_Verification@51399530]" name="applicationClose" is-config="true" duration-ms="152" started-at="2019-10-30T15:01:44Z" finished-at="2019-10-30T15:01:44Z">
          <reporter-output>
          </reporter-output>
        </test-method> <!-- applicationClose -->
      </class> <!-- VW_TC.TC0001_login_Page_Verification -->
    </test> <!-- Test Case: 001- Login Page Verification  -->
    <test name="Test Case: 002 - Login with &#039;Empirix Admin&#039; Credetials&#039;and verify TabAvailablity" duration-ms="231684" started-at="2019-10-30T15:01:44Z" finished-at="2019-10-30T15:05:36Z">
      <class name="VW_TC.TC0002_login_With_Exmpirix_Admin">
        <test-method status="PASS" signature="applicationLaunch()[pri:0, instance:VW_TC.TC0002_login_With_Exmpirix_Admin@3b69e7d1]" name="applicationLaunch" is-config="true" duration-ms="14672" started-at="2019-10-30T15:01:44Z" finished-at="2019-10-30T15:01:59Z">
          <reporter-output>
          </reporter-output>
        </test-method> <!-- applicationLaunch -->
        <test-method status="PASS" signature="logInWithExpirixAdmin()[pri:1, instance:VW_TC.TC0002_login_With_Exmpirix_Admin@3b69e7d1]" name="logInWithExpirixAdmin" duration-ms="25366" started-at="2019-10-30T15:01:59Z" finished-at="2019-10-30T15:02:24Z">
          <reporter-output>
          </reporter-output>
        </test-method> <!-- logInWithExpirixAdmin -->
        <test-method status="PASS" signature="headerMandatoryDetails()[pri:2, instance:VW_TC.TC0002_login_With_Exmpirix_Admin@3b69e7d1]" name="headerMandatoryDetails" duration-ms="554" started-at="2019-10-30T15:02:24Z" finished-at="2019-10-30T15:02:25Z">
          <reporter-output>
          </reporter-output>
        </test-method> <!-- headerMandatoryDetails -->
        <test-method status="PASS" signature="footerMandatoryDetails()[pri:3, instance:VW_TC.TC0002_login_With_Exmpirix_Admin@3b69e7d1]" name="footerMandatoryDetails" duration-ms="400" started-at="2019-10-30T15:02:25Z" finished-at="2019-10-30T15:02:25Z">
          <reporter-output>
          </reporter-output>
        </test-method> <!-- footerMandatoryDetails -->
        <test-method status="PASS" signature="TabAvailabilityValidation()[pri:4, instance:VW_TC.TC0002_login_With_Exmpirix_Admin@3b69e7d1]" name="TabAvailabilityValidation" duration-ms="631" started-at="2019-10-30T15:02:25Z" finished-at="2019-10-30T15:02:26Z">
          <reporter-output>
          </reporter-output>
        </test-method> <!-- TabAvailabilityValidation -->
        <test-method status="PASS" signature="dashBoardTabValidation()[pri:5, instance:VW_TC.TC0002_login_With_Exmpirix_Admin@3b69e7d1]" name="dashBoardTabValidation" duration-ms="3073" started-at="2019-10-30T15:02:26Z" finished-at="2019-10-30T15:02:29Z">
          <reporter-output>
          </reporter-output>
        </test-method> <!-- dashBoardTabValidation -->
        <test-method status="PASS" signature="alertTabValidation()[pri:6, instance:VW_TC.TC0002_login_With_Exmpirix_Admin@3b69e7d1]" name="alertTabValidation" duration-ms="2728" started-at="2019-10-30T15:02:29Z" finished-at="2019-10-30T15:02:32Z">
          <reporter-output>
          </reporter-output>
        </test-method> <!-- alertTabValidation -->
        <test-method status="PASS" signature="testTabValidation()[pri:7, instance:VW_TC.TC0002_login_With_Exmpirix_Admin@3b69e7d1]" name="testTabValidation" duration-ms="51037" started-at="2019-10-30T15:02:32Z" finished-at="2019-10-30T15:03:23Z">
          <reporter-output>
          </reporter-output>
        </test-method> <!-- testTabValidation -->
        <test-method status="PASS" signature="tagTabValidation()[pri:8, instance:VW_TC.TC0002_login_With_Exmpirix_Admin@3b69e7d1]" name="tagTabValidation" duration-ms="13752" started-at="2019-10-30T15:03:23Z" finished-at="2019-10-30T15:03:37Z">
          <reporter-output>
          </reporter-output>
        </test-method> <!-- tagTabValidation -->
        <test-method status="PASS" signature="scriptTabValidation()[pri:9, instance:VW_TC.TC0002_login_With_Exmpirix_Admin@3b69e7d1]" name="scriptTabValidation" duration-ms="100052" started-at="2019-10-30T15:03:37Z" finished-at="2019-10-30T15:05:17Z">
          <reporter-output>
          </reporter-output>
        </test-method> <!-- scriptTabValidation -->
        <test-method status="PASS" signature="variableTabValidation()[pri:10, instance:VW_TC.TC0002_login_With_Exmpirix_Admin@3b69e7d1]" name="variableTabValidation" duration-ms="14373" started-at="2019-10-30T15:05:17Z" finished-at="2019-10-30T15:05:31Z">
          <reporter-output>
          </reporter-output>
        </test-method> <!-- variableTabValidation -->
        <test-method status="PASS" signature="hammerTabValidation()[pri:11, instance:VW_TC.TC0002_login_With_Exmpirix_Admin@3b69e7d1]" name="hammerTabValidation" duration-ms="4888" started-at="2019-10-30T15:05:31Z" finished-at="2019-10-30T15:05:36Z">
          <reporter-output>
          </reporter-output>
        </test-method> <!-- hammerTabValidation -->
        <test-method status="PASS" signature="applicationClose()[pri:0, instance:VW_TC.TC0002_login_With_Exmpirix_Admin@3b69e7d1]" name="applicationClose" is-config="true" duration-ms="139" started-at="2019-10-30T15:05:36Z" finished-at="2019-10-30T15:05:36Z">
          <reporter-output>
          </reporter-output>
        </test-method> <!-- applicationClose -->
      </class> <!-- VW_TC.TC0002_login_With_Exmpirix_Admin -->
    </test> <!-- Test Case: 002 - Login with 'Empirix Admin' Credetials'and verify TabAvailablity -->
  </suite> <!-- Suite -->
</testng-results>
