<?xml version="1.0" encoding="UTF-8"?>
<testng-results skipped="0" failed="0" ignored="0" total="2" passed="2">
  <reporter-output>
  </reporter-output>
  <suite name="Default suite" duration-ms="345897" started-at="2019-10-07T10:59:36Z" finished-at="2019-10-07T11:05:22Z">
    <groups>
    </groups>
    <test name="Default test" duration-ms="345897" started-at="2019-10-07T10:59:36Z" finished-at="2019-10-07T11:05:22Z">
      <class name="VW_TC.TC0000_Debug_Testing1">
        <test-method status="PASS" signature="applicationLaunch()[pri:0, instance:VW_TC.TC0000_Debug_Testing1@55141def]" name="applicationLaunch" is-config="true" duration-ms="21079" started-at="2019-10-07T10:59:36Z" finished-at="2019-10-07T10:59:57Z">
          <reporter-output>
          </reporter-output>
        </test-method> <!-- applicationLaunch -->
        <test-method status="PASS" signature="logInWithExpirixAdmin()[pri:1, instance:VW_TC.TC0000_Debug_Testing1@55141def]" name="logInWithExpirixAdmin" duration-ms="17552" started-at="2019-10-07T10:59:57Z" finished-at="2019-10-07T11:00:15Z">
          <reporter-output>
          </reporter-output>
        </test-method> <!-- logInWithExpirixAdmin -->
        <test-method status="PASS" signature="scriptTabValidation()[pri:9, instance:VW_TC.TC0000_Debug_Testing1@55141def]" name="scriptTabValidation" duration-ms="306285" started-at="2019-10-07T11:00:15Z" finished-at="2019-10-07T11:05:21Z">
          <reporter-output>
          </reporter-output>
        </test-method> <!-- scriptTabValidation -->
        <test-method status="PASS" signature="applicationClose()[pri:0, instance:VW_TC.TC0000_Debug_Testing1@55141def]" name="applicationClose" is-config="true" duration-ms="955" started-at="2019-10-07T11:05:21Z" finished-at="2019-10-07T11:05:22Z">
          <reporter-output>
          </reporter-output>
        </test-method> <!-- applicationClose -->
      </class> <!-- VW_TC.TC0000_Debug_Testing1 -->
    </test> <!-- Default test -->
  </suite> <!-- Default suite -->
</testng-results>
