<?xml version="1.0" encoding="UTF-8"?>
<testng-results skipped="0" failed="0" total="1" passed="1">
  <reporter-output>
  </reporter-output>
  <suite name="Default suite" duration-ms="120339" started-at="2019-11-24T12:23:46Z" finished-at="2019-11-24T12:25:46Z">
    <groups>
    </groups>
    <test name="Default test" duration-ms="120339" started-at="2019-11-24T12:23:46Z" finished-at="2019-11-24T12:25:46Z">
      <class name="VW_TC.TC0018_login_With_Exmpirix_Admin_Sanity2">
        <test-method status="PASS" signature="applicationLaunch()[pri:0, instance:VW_TC.TC0018_login_With_Exmpirix_Admin_Sanity2@5824a83d]" name="applicationLaunch" is-config="true" duration-ms="44322" started-at="2019-11-24T17:53:46Z" finished-at="2019-11-24T17:54:30Z">
          <reporter-output>
          </reporter-output>
        </test-method> <!-- applicationLaunch -->
        <test-method status="PASS" signature="createTest()[pri:9, instance:VW_TC.TC0018_login_With_Exmpirix_Admin_Sanity2@5824a83d]" name="createTest" duration-ms="75817" started-at="2019-11-24T17:54:30Z" finished-at="2019-11-24T17:55:46Z">
          <reporter-output>
          </reporter-output>
        </test-method> <!-- createTest -->
        <test-method status="PASS" signature="applicationClose()[pri:0, instance:VW_TC.TC0018_login_With_Exmpirix_Admin_Sanity2@5824a83d]" name="applicationClose" is-config="true" duration-ms="149" started-at="2019-11-24T17:55:46Z" finished-at="2019-11-24T17:55:46Z">
          <reporter-output>
          </reporter-output>
        </test-method> <!-- applicationClose -->
      </class> <!-- VW_TC.TC0018_login_With_Exmpirix_Admin_Sanity2 -->
    </test> <!-- Default test -->
  </suite> <!-- Default suite -->
</testng-results>
