<?xml version="1.0" encoding="UTF-8"?>
<testng-results skipped="0" failed="0" ignored="0" total="8" passed="8">
  <reporter-output>
  </reporter-output>
  <suite name="Default suite" duration-ms="405875" started-at="2019-10-26T20:00:18Z" finished-at="2019-10-26T20:07:04Z">
    <groups>
    </groups>
    <test name="Default test" duration-ms="405875" started-at="2019-10-26T20:00:18Z" finished-at="2019-10-26T20:07:04Z">
      <class name="VW_TC.TC0011_login_With_Client_OR_Partner_Client_User">
        <test-method status="PASS" signature="applicationLaunch()[pri:0, instance:VW_TC.TC0011_login_With_Client_OR_Partner_Client_User@6771beb3]" name="applicationLaunch" is-config="true" duration-ms="20951" started-at="2019-10-26T20:00:18Z" finished-at="2019-10-26T20:00:39Z">
          <reporter-output>
          </reporter-output>
        </test-method> <!-- applicationLaunch -->
        <test-method status="PASS" signature="logInWithPartnerClient_User()[pri:1, instance:VW_TC.TC0011_login_With_Client_OR_Partner_Client_User@6771beb3]" name="logInWithPartnerClient_User" duration-ms="12973" started-at="2019-10-26T20:00:39Z" finished-at="2019-10-26T20:00:52Z">
          <reporter-output>
          </reporter-output>
        </test-method> <!-- logInWithPartnerClient_User -->
        <test-method status="PASS" signature="headerMandatoryDetails()[pri:2, instance:VW_TC.TC0011_login_With_Client_OR_Partner_Client_User@6771beb3]" name="headerMandatoryDetails" duration-ms="571" started-at="2019-10-26T20:00:52Z" finished-at="2019-10-26T20:00:53Z">
          <reporter-output>
          </reporter-output>
        </test-method> <!-- headerMandatoryDetails -->
        <test-method status="PASS" signature="footerMandatoryDetails()[pri:3, instance:VW_TC.TC0011_login_With_Client_OR_Partner_Client_User@6771beb3]" name="footerMandatoryDetails" duration-ms="436" started-at="2019-10-26T20:00:53Z" finished-at="2019-10-26T20:00:53Z">
          <reporter-output>
          </reporter-output>
        </test-method> <!-- footerMandatoryDetails -->
        <test-method status="PASS" signature="TabValidation()[pri:4, instance:VW_TC.TC0011_login_With_Client_OR_Partner_Client_User@6771beb3]" name="TabValidation" duration-ms="300691" started-at="2019-10-26T20:00:53Z" finished-at="2019-10-26T20:05:54Z">
          <reporter-output>
          </reporter-output>
        </test-method> <!-- TabValidation -->
        <test-method status="PASS" signature="dashBoardTabValidation()[pri:5, instance:VW_TC.TC0011_login_With_Client_OR_Partner_Client_User@6771beb3]" name="dashBoardTabValidation" duration-ms="7790" started-at="2019-10-26T20:05:54Z" finished-at="2019-10-26T20:06:02Z">
          <reporter-output>
          </reporter-output>
        </test-method> <!-- dashBoardTabValidation -->
        <test-method status="PASS" signature="alertTabValidation()[pri:6, instance:VW_TC.TC0011_login_With_Client_OR_Partner_Client_User@6771beb3]" name="alertTabValidation" duration-ms="9384" started-at="2019-10-26T20:06:02Z" finished-at="2019-10-26T20:06:11Z">
          <reporter-output>
          </reporter-output>
        </test-method> <!-- alertTabValidation -->
        <test-method status="PASS" signature="testTabValidation()[pri:7, instance:VW_TC.TC0011_login_With_Client_OR_Partner_Client_User@6771beb3]" name="testTabValidation" duration-ms="8840" started-at="2019-10-26T20:06:11Z" finished-at="2019-10-26T20:06:20Z">
          <reporter-output>
          </reporter-output>
        </test-method> <!-- testTabValidation -->
        <test-method status="PASS" signature="variableTabValidation()[pri:8, instance:VW_TC.TC0011_login_With_Client_OR_Partner_Client_User@6771beb3]" name="variableTabValidation" duration-ms="43730" started-at="2019-10-26T20:06:20Z" finished-at="2019-10-26T20:07:04Z">
          <reporter-output>
          </reporter-output>
        </test-method> <!-- variableTabValidation -->
        <test-method status="PASS" signature="applicationClose()[pri:0, instance:VW_TC.TC0011_login_With_Client_OR_Partner_Client_User@6771beb3]" name="applicationClose" is-config="true" duration-ms="475" started-at="2019-10-26T20:07:04Z" finished-at="2019-10-26T20:07:04Z">
          <reporter-output>
          </reporter-output>
        </test-method> <!-- applicationClose -->
      </class> <!-- VW_TC.TC0011_login_With_Client_OR_Partner_Client_User -->
    </test> <!-- Default test -->
  </suite> <!-- Default suite -->
</testng-results>
