<?xml version="1.0" encoding="UTF-8"?>
<testng-results skipped="0" failed="0" ignored="0" total="1" passed="1">
  <reporter-output>
  </reporter-output>
  <suite name="Suite" duration-ms="20431" started-at="2019-10-07T22:06:21Z" finished-at="2019-10-07T22:06:41Z">
    <groups>
    </groups>
    <test name="Test Case: 001- Login Page Verification " duration-ms="20431" started-at="2019-10-07T22:06:21Z" finished-at="2019-10-07T22:06:41Z">
      <class name="VW_TC.TC0001_login_Page_Verification">
        <test-method status="PASS" signature="applicationLaunch()[pri:0, instance:VW_TC.TC0001_login_Page_Verification@3270d194]" name="applicationLaunch" is-config="true" duration-ms="19799" started-at="2019-10-07T22:06:21Z" finished-at="2019-10-07T22:06:41Z">
          <reporter-output>
          </reporter-output>
        </test-method> <!-- applicationLaunch -->
        <test-method status="PASS" signature="logInScreenVerification()[pri:1, instance:VW_TC.TC0001_login_Page_Verification@3270d194]" name="logInScreenVerification" duration-ms="502" started-at="2019-10-07T22:06:41Z" finished-at="2019-10-07T22:06:41Z">
          <reporter-output>
          </reporter-output>
        </test-method> <!-- logInScreenVerification -->
        <test-method status="PASS" signature="applicationClose()[pri:0, instance:VW_TC.TC0001_login_Page_Verification@3270d194]" name="applicationClose" is-config="true" duration-ms="114" started-at="2019-10-07T22:06:41Z" finished-at="2019-10-07T22:06:41Z">
          <reporter-output>
          </reporter-output>
        </test-method> <!-- applicationClose -->
      </class> <!-- VW_TC.TC0001_login_Page_Verification -->
    </test> <!-- Test Case: 001- Login Page Verification  -->
  </suite> <!-- Suite -->
</testng-results>
