<?xml version="1.0" encoding="UTF-8"?>
<testng-results skipped="0" failed="0" ignored="0" total="1" passed="1">
  <reporter-output>
  </reporter-output>
  <suite name="Suite" duration-ms="26467" started-at="2019-10-31T20:45:03Z" finished-at="2019-10-31T20:45:29Z">
    <groups>
    </groups>
    <test name="Test Case: 001- Login Page Verification " duration-ms="26467" started-at="2019-10-31T20:45:03Z" finished-at="2019-10-31T20:45:29Z">
      <class name="VW_TC.TC0001_login_Page_Verification">
        <test-method status="PASS" signature="applicationLaunch()[pri:0, instance:VW_TC.TC0001_login_Page_Verification@69c81773]" name="applicationLaunch" is-config="true" duration-ms="19506" started-at="2019-10-31T20:45:03Z" finished-at="2019-10-31T20:45:22Z">
          <reporter-output>
          </reporter-output>
        </test-method> <!-- applicationLaunch -->
        <test-method status="PASS" signature="logInScreenVerification()[pri:1, instance:VW_TC.TC0001_login_Page_Verification@69c81773]" name="logInScreenVerification" duration-ms="6739" started-at="2019-10-31T20:45:22Z" description="verifying login page title test" finished-at="2019-10-31T20:45:29Z">
          <reporter-output>
          </reporter-output>
        </test-method> <!-- logInScreenVerification -->
        <test-method status="PASS" signature="applicationClose()[pri:0, instance:VW_TC.TC0001_login_Page_Verification@69c81773]" name="applicationClose" is-config="true" duration-ms="116" started-at="2019-10-31T20:45:29Z" finished-at="2019-10-31T20:45:29Z">
          <reporter-output>
          </reporter-output>
        </test-method> <!-- applicationClose -->
      </class> <!-- VW_TC.TC0001_login_Page_Verification -->
    </test> <!-- Test Case: 001- Login Page Verification  -->
  </suite> <!-- Suite -->
</testng-results>
