<?xml version="1.0" encoding="UTF-8"?>
<testng-results skipped="12" failed="0" total="12" passed="0">
  <reporter-output>
  </reporter-output>
  <suite name="Default suite" duration-ms="249" started-at="2019-12-01T12:16:55Z" finished-at="2019-12-01T12:16:55Z">
    <groups>
    </groups>
    <test name="Default test" duration-ms="249" started-at="2019-12-01T12:16:55Z" finished-at="2019-12-01T12:16:55Z">
      <class name="VW_TC.TC0017_login_With_Exmpirix_Admin_Sanity">
        <test-method status="FAIL" signature="applicationLaunch()[pri:0, instance:VW_TC.TC0017_login_With_Exmpirix_Admin_Sanity@70e9c95d]" name="applicationLaunch" is-config="true" duration-ms="0" started-at="2019-12-01T17:46:55Z" finished-at="2019-12-01T17:46:55Z">
          <exception class="java.lang.NullPointerException">
            <full-stacktrace>
              <![CDATA[java.lang.NullPointerException
	at resources.basePropertiesSeln.intializeDriver(basePropertiesSeln.java:58)
	at VW_TC.TC0017_login_With_Exmpirix_Admin_Sanity.applicationLaunch(TC0017_login_With_Exmpirix_Admin_Sanity.java:34)
	at sun.reflect.NativeMethodAccessorImpl.invoke0(Native Method)
	at sun.reflect.NativeMethodAccessorImpl.invoke(Unknown Source)
	at sun.reflect.DelegatingMethodAccessorImpl.invoke(Unknown Source)
	at java.lang.reflect.Method.invoke(Unknown Source)
	at org.testng.internal.MethodInvocationHelper.invokeMethod(MethodInvocationHelper.java:86)
	at org.testng.internal.Invoker.invokeConfigurationMethod(Invoker.java:514)
	at org.testng.internal.Invoker.invokeConfigurations(Invoker.java:215)
	at org.testng.internal.Invoker.invokeConfigurations(Invoker.java:142)
	at org.testng.TestRunner.beforeRun(TestRunner.java:656)
	at org.testng.TestRunner.run(TestRunner.java:624)
	at org.testng.SuiteRunner.runTest(SuiteRunner.java:366)
	at org.testng.SuiteRunner.runSequentially(SuiteRunner.java:361)
	at org.testng.SuiteRunner.privateRun(SuiteRunner.java:319)
	at org.testng.SuiteRunner.run(SuiteRunner.java:268)
	at org.testng.SuiteRunnerWorker.runSuite(SuiteRunnerWorker.java:52)
	at org.testng.SuiteRunnerWorker.run(SuiteRunnerWorker.java:86)
	at org.testng.TestNG.runSuitesSequentially(TestNG.java:1244)
	at org.testng.TestNG.runSuitesLocally(TestNG.java:1169)
	at org.testng.TestNG.run(TestNG.java:1064)
	at org.testng.remote.RemoteTestNG.run(RemoteTestNG.java:113)
	at org.testng.remote.RemoteTestNG.initAndRun(RemoteTestNG.java:206)
	at org.testng.remote.RemoteTestNG.main(RemoteTestNG.java:177)
]]>
            </full-stacktrace>
          </exception> <!-- java.lang.NullPointerException -->
          <reporter-output>
          </reporter-output>
        </test-method> <!-- applicationLaunch -->
        <test-method status="SKIP" signature="logInWithExpirixAdmin()[pri:1, instance:VW_TC.TC0017_login_With_Exmpirix_Admin_Sanity@70e9c95d]" name="logInWithExpirixAdmin" duration-ms="8" started-at="2019-12-01T17:46:55Z" finished-at="2019-12-01T17:46:55Z">
          <reporter-output>
          </reporter-output>
        </test-method> <!-- logInWithExpirixAdmin -->
        <test-method status="SKIP" signature="headerMandatoryDetails()[pri:2, instance:VW_TC.TC0017_login_With_Exmpirix_Admin_Sanity@70e9c95d]" name="headerMandatoryDetails" duration-ms="4" started-at="2019-12-01T17:46:55Z" finished-at="2019-12-01T17:46:55Z">
          <reporter-output>
          </reporter-output>
        </test-method> <!-- headerMandatoryDetails -->
        <test-method status="SKIP" signature="footerMandatoryDetails()[pri:3, instance:VW_TC.TC0017_login_With_Exmpirix_Admin_Sanity@70e9c95d]" name="footerMandatoryDetails" duration-ms="4" started-at="2019-12-01T17:46:55Z" finished-at="2019-12-01T17:46:55Z">
          <reporter-output>
          </reporter-output>
        </test-method> <!-- footerMandatoryDetails -->
        <test-method status="SKIP" signature="TabAvailabilityValidation()[pri:4, instance:VW_TC.TC0017_login_With_Exmpirix_Admin_Sanity@70e9c95d]" name="TabAvailabilityValidation" duration-ms="0" started-at="2019-12-01T17:46:55Z" finished-at="2019-12-01T17:46:55Z">
          <reporter-output>
          </reporter-output>
        </test-method> <!-- TabAvailabilityValidation -->
        <test-method status="SKIP" signature="dashBoardTabValidation()[pri:5, instance:VW_TC.TC0017_login_With_Exmpirix_Admin_Sanity@70e9c95d]" name="dashBoardTabValidation" duration-ms="4" started-at="2019-12-01T17:46:55Z" finished-at="2019-12-01T17:46:55Z">
          <reporter-output>
          </reporter-output>
        </test-method> <!-- dashBoardTabValidation -->
        <test-method status="SKIP" signature="alertTabValidation()[pri:6, instance:VW_TC.TC0017_login_With_Exmpirix_Admin_Sanity@70e9c95d]" name="alertTabValidation" duration-ms="4" started-at="2019-12-01T17:46:55Z" finished-at="2019-12-01T17:46:55Z">
          <reporter-output>
          </reporter-output>
        </test-method> <!-- alertTabValidation -->
        <test-method status="SKIP" signature="testTabValidation()[pri:7, instance:VW_TC.TC0017_login_With_Exmpirix_Admin_Sanity@70e9c95d]" name="testTabValidation" duration-ms="4" started-at="2019-12-01T17:46:55Z" finished-at="2019-12-01T17:46:55Z">
          <reporter-output>
          </reporter-output>
        </test-method> <!-- testTabValidation -->
        <test-method status="SKIP" signature="tagTabValidation()[pri:8, instance:VW_TC.TC0017_login_With_Exmpirix_Admin_Sanity@70e9c95d]" name="tagTabValidation" duration-ms="0" started-at="2019-12-01T17:46:55Z" finished-at="2019-12-01T17:46:55Z">
          <reporter-output>
          </reporter-output>
        </test-method> <!-- tagTabValidation -->
        <test-method status="SKIP" signature="scriptTabValidation()[pri:9, instance:VW_TC.TC0017_login_With_Exmpirix_Admin_Sanity@70e9c95d]" name="scriptTabValidation" duration-ms="4" started-at="2019-12-01T17:46:55Z" finished-at="2019-12-01T17:46:55Z">
          <reporter-output>
          </reporter-output>
        </test-method> <!-- scriptTabValidation -->
        <test-method status="SKIP" signature="variableTabValidation()[pri:10, instance:VW_TC.TC0017_login_With_Exmpirix_Admin_Sanity@70e9c95d]" name="variableTabValidation" duration-ms="4" started-at="2019-12-01T17:46:55Z" finished-at="2019-12-01T17:46:55Z">
          <reporter-output>
          </reporter-output>
        </test-method> <!-- variableTabValidation -->
        <test-method status="SKIP" signature="hammerTabValidation()[pri:11, instance:VW_TC.TC0017_login_With_Exmpirix_Admin_Sanity@70e9c95d]" name="hammerTabValidation" duration-ms="4" started-at="2019-12-01T17:46:55Z" finished-at="2019-12-01T17:46:55Z">
          <reporter-output>
          </reporter-output>
        </test-method> <!-- hammerTabValidation -->
        <test-method status="SKIP" signature="ValidateScriptFunctinality()[pri:12, instance:VW_TC.TC0017_login_With_Exmpirix_Admin_Sanity@70e9c95d]" name="ValidateScriptFunctinality" duration-ms="4" started-at="2019-12-01T17:46:55Z" finished-at="2019-12-01T17:46:55Z">
          <reporter-output>
          </reporter-output>
        </test-method> <!-- ValidateScriptFunctinality -->
        <test-method status="SKIP" signature="applicationClose()[pri:0, instance:VW_TC.TC0017_login_With_Exmpirix_Admin_Sanity@70e9c95d]" name="applicationClose" is-config="true" duration-ms="0" started-at="2019-12-01T17:46:55Z" finished-at="2019-12-01T17:46:55Z">
          <reporter-output>
          </reporter-output>
        </test-method> <!-- applicationClose -->
      </class> <!-- VW_TC.TC0017_login_With_Exmpirix_Admin_Sanity -->
    </test> <!-- Default test -->
  </suite> <!-- Default suite -->
</testng-results>
