<?xml version="1.0" encoding="UTF-8"?>
<testng-results skipped="0" failed="0" ignored="0" total="2" passed="2">
  <reporter-output>
  </reporter-output>
  <suite name="Default suite" duration-ms="125885" started-at="2019-10-04T21:00:53Z" finished-at="2019-10-04T21:02:59Z">
    <groups>
    </groups>
    <test name="Default test" duration-ms="125885" started-at="2019-10-04T21:00:53Z" finished-at="2019-10-04T21:02:59Z">
      <class name="VW_TC.TC0000_Debug_Testing">
        <test-method status="PASS" signature="applicationLaunch()[pri:0, instance:VW_TC.TC0000_Debug_Testing@55141def]" name="applicationLaunch" is-config="true" duration-ms="24672" started-at="2019-10-04T21:00:53Z" finished-at="2019-10-04T21:01:18Z">
          <reporter-output>
          </reporter-output>
        </test-method> <!-- applicationLaunch -->
        <test-method status="PASS" signature="logInWithExpirixAdmin()[pri:1, instance:VW_TC.TC0000_Debug_Testing@55141def]" name="logInWithExpirixAdmin" duration-ms="19494" started-at="2019-10-04T21:01:18Z" finished-at="2019-10-04T21:01:37Z">
          <reporter-output>
          </reporter-output>
        </test-method> <!-- logInWithExpirixAdmin -->
        <test-method status="PASS" signature="scriptTabValidation()[pri:9, instance:VW_TC.TC0000_Debug_Testing@55141def]" name="scriptTabValidation" duration-ms="80912" started-at="2019-10-04T21:01:37Z" finished-at="2019-10-04T21:02:58Z">
          <reporter-output>
          </reporter-output>
        </test-method> <!-- scriptTabValidation -->
        <test-method status="PASS" signature="applicationClose()[pri:0, instance:VW_TC.TC0000_Debug_Testing@55141def]" name="applicationClose" is-config="true" duration-ms="785" started-at="2019-10-04T21:02:58Z" finished-at="2019-10-04T21:02:59Z">
          <reporter-output>
          </reporter-output>
        </test-method> <!-- applicationClose -->
      </class> <!-- VW_TC.TC0000_Debug_Testing -->
    </test> <!-- Default test -->
  </suite> <!-- Default suite -->
</testng-results>
