<?xml version="1.0" encoding="UTF-8"?>
<testng-results skipped="0" failed="0" ignored="0" total="1" passed="1">
  <reporter-output>
  </reporter-output>
  <suite name="Default suite" duration-ms="25351" started-at="2019-10-17T14:42:51Z" finished-at="2019-10-17T14:43:16Z">
    <groups>
    </groups>
    <test name="Default test" duration-ms="25351" started-at="2019-10-17T14:42:51Z" finished-at="2019-10-17T14:43:16Z">
      <class name="VW_TC.TC0001_login_Page_Verification">
        <test-method status="PASS" signature="applicationLaunch()[pri:0, instance:VW_TC.TC0001_login_Page_Verification@3590fc5b]" name="applicationLaunch" is-config="true" duration-ms="24618" started-at="2019-10-17T14:42:51Z" finished-at="2019-10-17T14:43:15Z">
          <reporter-output>
          </reporter-output>
        </test-method> <!-- applicationLaunch -->
        <test-method status="PASS" signature="logInScreenVerification()[pri:1, instance:VW_TC.TC0001_login_Page_Verification@3590fc5b]" name="logInScreenVerification" duration-ms="576" started-at="2019-10-17T14:43:15Z" finished-at="2019-10-17T14:43:16Z">
          <reporter-output>
          </reporter-output>
        </test-method> <!-- logInScreenVerification -->
        <test-method status="PASS" signature="applicationClose()[pri:0, instance:VW_TC.TC0001_login_Page_Verification@3590fc5b]" name="applicationClose" is-config="true" duration-ms="137" started-at="2019-10-17T14:43:16Z" finished-at="2019-10-17T14:43:16Z">
          <reporter-output>
          </reporter-output>
        </test-method> <!-- applicationClose -->
      </class> <!-- VW_TC.TC0001_login_Page_Verification -->
    </test> <!-- Default test -->
  </suite> <!-- Default suite -->
</testng-results>
