<?xml version="1.0" encoding="UTF-8"?>
<!-- Generated by org.testng.reporters.JUnitReportReporter -->
<testsuite skipped="8" hostname="REM-L-SINGHH" name="VW_TC.TC0007_login_With_Partner_User" tests="9" failures="0" timestamp="03 Oct 2019 15:09:50 GMT" time="0.004" errors="1">
  <testcase name="applicationLaunch" time="0.004" classname="VW_TC.TC0007_login_With_Partner_User">
    <error type="java.lang.NullPointerException">
      <![CDATA[java.lang.NullPointerException
at resources.baseProperties.intializeDriver(baseProperties.java:50)
at VW_TC.TC0007_login_With_Partner_User.applicationLaunch(TC0007_login_With_Partner_User.java:30)
at sun.reflect.NativeMethodAccessorImpl.invoke0(Native Method)
at sun.reflect.NativeMethodAccessorImpl.invoke(Unknown Source)
at sun.reflect.DelegatingMethodAccessorImpl.invoke(Unknown Source)
at java.lang.reflect.Method.invoke(Unknown Source)
at org.testng.internal.MethodInvocationHelper.invokeMethod(MethodInvocationHelper.java:124)
at org.testng.internal.MethodInvocationHelper.invokeMethodConsideringTimeout(MethodInvocationHelper.java:59)
at org.testng.internal.Invoker.invokeConfigurationMethod(Invoker.java:458)
at org.testng.internal.Invoker.invokeConfigurations(Invoker.java:222)
at org.testng.internal.Invoker.invokeConfigurations(Invoker.java:142)
at org.testng.TestRunner.beforeRun(TestRunner.java:529)
at org.testng.TestRunner.run(TestRunner.java:497)
at org.testng.SuiteRunner.runTest(SuiteRunner.java:455)
at org.testng.SuiteRunner.runSequentially(SuiteRunner.java:450)
at org.testng.SuiteRunner.privateRun(SuiteRunner.java:415)
at org.testng.SuiteRunner.run(SuiteRunner.java:364)
at org.testng.SuiteRunnerWorker.runSuite(SuiteRunnerWorker.java:52)
at org.testng.SuiteRunnerWorker.run(SuiteRunnerWorker.java:84)
at org.testng.TestNG.runSuitesSequentially(TestNG.java:1208)
at org.testng.TestNG.runSuitesLocally(TestNG.java:1137)
at org.testng.TestNG.runSuites(TestNG.java:1049)
at org.testng.TestNG.run(TestNG.java:1017)
at org.testng.remote.AbstractRemoteTestNG.run(AbstractRemoteTestNG.java:114)
at org.testng.remote.RemoteTestNG.initAndRun(RemoteTestNG.java:251)
at org.testng.remote.RemoteTestNG.main(RemoteTestNG.java:77)
]]>
    </error>
  </testcase> <!-- applicationLaunch -->
  <testcase name="logInWithPartnerUser" time="0.000" classname="VW_TC.TC0007_login_With_Partner_User">
    <skipped/>
  </testcase> <!-- logInWithPartnerUser -->
  <testcase name="headerMandatoryDetails" time="0.000" classname="VW_TC.TC0007_login_With_Partner_User">
    <skipped/>
  </testcase> <!-- headerMandatoryDetails -->
  <testcase name="footerMandatoryDetails" time="0.000" classname="VW_TC.TC0007_login_With_Partner_User">
    <skipped/>
  </testcase> <!-- footerMandatoryDetails -->
  <testcase name="TabValidation" time="0.000" classname="VW_TC.TC0007_login_With_Partner_User">
    <skipped/>
  </testcase> <!-- TabValidation -->
  <testcase name="dashBoardTabValidation" time="0.000" classname="VW_TC.TC0007_login_With_Partner_User">
    <skipped/>
  </testcase> <!-- dashBoardTabValidation -->
  <testcase name="alertTabValidation" time="0.000" classname="VW_TC.TC0007_login_With_Partner_User">
    <skipped/>
  </testcase> <!-- alertTabValidation -->
  <testcase name="testTabValidation" time="0.000" classname="VW_TC.TC0007_login_With_Partner_User">
    <skipped/>
  </testcase> <!-- testTabValidation -->
  <testcase name="variableTabValidation" time="0.000" classname="VW_TC.TC0007_login_With_Partner_User">
    <skipped/>
  </testcase> <!-- variableTabValidation -->
</testsuite> <!-- VW_TC.TC0007_login_With_Partner_User -->
